{
	"C:/Users/deev/WebstormProjects/yantrix222/packages/automata/src/ActionDictionary.ts": {
		"path": "C:/Users/deev/WebstormProjects/yantrix222/packages/automata/src/ActionDictionary.ts",
		"statementMap": {
			"0": { "start": { "line": 12, "column": 1 }, "end": { "line": 55, "column": null } },
			"1": { "start": { "line": 13, "column": 2 }, "end": { "line": 55, "column": null } },
			"2": { "start": { "line": 20, "column": 4 }, "end": { "line": 26, "column": null } },
			"3": { "start": { "line": 21, "column": 5 }, "end": { "line": 21, "column": null } },
			"4": { "start": { "line": 21, "column": 39 }, "end": { "line": 21, "column": null } },
			"5": { "start": { "line": 22, "column": 18 }, "end": { "line": 22, "column": null } },
			"6": { "start": { "line": 23, "column": 5 }, "end": { "line": 23, "column": null } },
			"7": { "start": { "line": 23, "column": 16 }, "end": { "line": 23, "column": null } },
			"8": { "start": { "line": 24, "column": 5 }, "end": { "line": 24, "column": null } },
			"9": { "start": { "line": 24, "column": 61 }, "end": { "line": 24, "column": null } },
			"10": { "start": { "line": 25, "column": 5 }, "end": { "line": 25, "column": null } },
			"11": { "start": { "line": 30, "column": 4 }, "end": { "line": 30, "column": null } },
			"12": { "start": { "line": 34, "column": 28 }, "end": { "line": 37, "column": null } },
			"13": { "start": { "line": 36, "column": 32 }, "end": { "line": 36, "column": 78 } },
			"14": { "start": { "line": 37, "column": 20 }, "end": { "line": 37, "column": 29 } },
			"15": { "start": { "line": 38, "column": 23 }, "end": { "line": 40, "column": null } },
			"16": { "start": { "line": 39, "column": 22 }, "end": { "line": 39, "column": 48 } },
			"17": { "start": { "line": 40, "column": 23 }, "end": { "line": 40, "column": 85 } },
			"18": { "start": { "line": 41, "column": 4 }, "end": { "line": 41, "column": null } },
			"19": { "start": { "line": 41, "column": 40 }, "end": { "line": 41, "column": null } },
			"20": { "start": { "line": 41, "column": 55 }, "end": { "line": 41, "column": null } },
			"21": { "start": { "line": 42, "column": 4 }, "end": { "line": 42, "column": null } },
			"22": { "start": { "line": 49, "column": 4 }, "end": { "line": 49, "column": null } },
			"23": { "start": { "line": 49, "column": 43 }, "end": { "line": 49, "column": 89 } },
			"24": { "start": { "line": 53, "column": 4 }, "end": { "line": 53, "column": null } },
			"25": { "start": { "line": 53, "column": 35 }, "end": { "line": 53, "column": 75 } },
			"26": { "start": { "line": 63, "column": 2 }, "end": { "line": 63, "column": null } }
		},
		"fnMap": {
			"0": {
				"name": "createActionDictionary",
				"decl": { "start": { "line": 8, "column": 16 }, "end": { "line": 8, "column": null } },
				"loc": { "start": { "line": 11, "column": 4 }, "end": { "line": 56, "column": null } }
			},
			"1": {
				"name": "(anonymous_1)",
				"decl": { "start": { "line": 12, "column": 8 }, "end": { "line": 12, "column": 71 } },
				"loc": { "start": { "line": 13, "column": 2 }, "end": { "line": 55, "column": null } }
			},
			"2": {
				"name": "(anonymous_2)",
				"decl": { "start": { "line": 16, "column": 3 }, "end": { "line": 16, "column": 17 } },
				"loc": { "start": { "line": 19, "column": 65 }, "end": { "line": 27, "column": null } }
			},
			"3": {
				"name": "(anonymous_3)",
				"decl": { "start": { "line": 20, "column": 31 }, "end": { "line": 20, "column": 32 } },
				"loc": { "start": { "line": 20, "column": 43 }, "end": { "line": 26, "column": 5 } }
			},
			"4": {
				"name": "(anonymous_4)",
				"decl": { "start": { "line": 29, "column": 3 }, "end": { "line": 29, "column": 16 } },
				"loc": { "start": { "line": 29, "column": 36 }, "end": { "line": 31, "column": null } }
			},
			"5": {
				"name": "(anonymous_5)",
				"decl": { "start": { "line": 33, "column": 3 }, "end": { "line": 33, "column": 17 } },
				"loc": { "start": { "line": 33, "column": 90 }, "end": { "line": 43, "column": null } }
			},
			"6": {
				"name": "(anonymous_6)",
				"decl": { "start": { "line": 36, "column": 17 }, "end": { "line": 36, "column": 18 } },
				"loc": { "start": { "line": 36, "column": 32 }, "end": { "line": 36, "column": 78 } }
			},
			"7": {
				"name": "(anonymous_7)",
				"decl": { "start": { "line": 37, "column": 13 }, "end": { "line": 37, "column": 14 } },
				"loc": { "start": { "line": 37, "column": 20 }, "end": { "line": 37, "column": 29 } }
			},
			"8": {
				"name": "(anonymous_8)",
				"decl": { "start": { "line": 39, "column": 10 }, "end": { "line": 39, "column": 11 } },
				"loc": { "start": { "line": 39, "column": 22 }, "end": { "line": 39, "column": 48 } }
			},
			"9": {
				"name": "(anonymous_9)",
				"decl": { "start": { "line": 40, "column": 13 }, "end": { "line": 40, "column": 14 } },
				"loc": { "start": { "line": 40, "column": 23 }, "end": { "line": 40, "column": 85 } }
			},
			"10": {
				"name": "(anonymous_10)",
				"decl": { "start": { "line": 45, "column": 3 }, "end": { "line": 45, "column": 19 } },
				"loc": { "start": { "line": 48, "column": 67 }, "end": { "line": 50, "column": null } }
			},
			"11": {
				"name": "(anonymous_11)",
				"decl": { "start": { "line": 49, "column": 28 }, "end": { "line": 49, "column": 29 } },
				"loc": { "start": { "line": 49, "column": 43 }, "end": { "line": 49, "column": 89 } }
			},
			"12": {
				"name": "(anonymous_12)",
				"decl": { "start": { "line": 52, "column": 3 }, "end": { "line": 52, "column": 14 } },
				"loc": { "start": { "line": 52, "column": 96 }, "end": { "line": 54, "column": null } }
			},
			"13": {
				"name": "(anonymous_13)",
				"decl": { "start": { "line": 53, "column": 28 }, "end": { "line": 53, "column": 29 } },
				"loc": { "start": { "line": 53, "column": 35 }, "end": { "line": 53, "column": 75 } }
			},
			"14": {
				"name": "(anonymous_14)",
				"decl": { "start": { "line": 62, "column": 1 }, "end": { "line": 62, "column": 15 } },
				"loc": { "start": { "line": 62, "column": 15 }, "end": { "line": 64, "column": null } }
			}
		},
		"branchMap": {
			"0": {
				"loc": { "start": { "line": 17, "column": 4 }, "end": { "line": 17, "column": null } },
				"type": "default-arg",
				"locations": [{ "start": { "line": 17, "column": 14 }, "end": { "line": 17, "column": null } }]
			},
			"1": {
				"loc": { "start": { "line": 18, "column": 4 }, "end": { "line": 18, "column": null } },
				"type": "default-arg",
				"locations": [{ "start": { "line": 18, "column": 16 }, "end": { "line": 18, "column": null } }]
			},
			"2": {
				"loc": { "start": { "line": 20, "column": 12 }, "end": { "line": 20, "column": 27 } },
				"type": "binary-expr",
				"locations": [
					{ "start": { "line": 20, "column": 12 }, "end": { "line": 20, "column": 23 } },
					{ "start": { "line": 20, "column": 23 }, "end": { "line": 20, "column": 27 } }
				]
			},
			"3": {
				"loc": { "start": { "line": 21, "column": 5 }, "end": { "line": 21, "column": null } },
				"type": "if",
				"locations": [
					{ "start": { "line": 21, "column": 5 }, "end": { "line": 21, "column": null } },
					{ "start": { "line": 21, "column": 5 }, "end": { "line": 21, "column": null } }
				]
			},
			"4": {
				"loc": { "start": { "line": 23, "column": 5 }, "end": { "line": 23, "column": null } },
				"type": "if",
				"locations": [
					{ "start": { "line": 23, "column": 5 }, "end": { "line": 23, "column": null } },
					{ "start": { "line": 23, "column": 5 }, "end": { "line": 23, "column": null } }
				]
			},
			"5": {
				"loc": { "start": { "line": 24, "column": 5 }, "end": { "line": 24, "column": null } },
				"type": "if",
				"locations": [
					{ "start": { "line": 24, "column": 5 }, "end": { "line": 24, "column": null } },
					{ "start": { "line": 24, "column": 5 }, "end": { "line": 24, "column": null } }
				]
			},
			"6": {
				"loc": { "start": { "line": 24, "column": 9 }, "end": { "line": 24, "column": 61 } },
				"type": "binary-expr",
				"locations": [
					{ "start": { "line": 24, "column": 9 }, "end": { "line": 24, "column": 31 } },
					{ "start": { "line": 24, "column": 31 }, "end": { "line": 24, "column": 61 } }
				]
			},
			"7": {
				"loc": { "start": { "line": 33, "column": 30 }, "end": { "line": 33, "column": 44 } },
				"type": "default-arg",
				"locations": [{ "start": { "line": 33, "column": 40 }, "end": { "line": 33, "column": 44 } }]
			},
			"8": {
				"loc": { "start": { "line": 33, "column": 44 }, "end": { "line": 33, "column": 54 } },
				"type": "default-arg",
				"locations": [{ "start": { "line": 33, "column": 51 }, "end": { "line": 33, "column": 54 } }]
			},
			"9": {
				"loc": { "start": { "line": 40, "column": 23 }, "end": { "line": 40, "column": 85 } },
				"type": "binary-expr",
				"locations": [
					{ "start": { "line": 40, "column": 23 }, "end": { "line": 40, "column": 34 } },
					{ "start": { "line": 40, "column": 34 }, "end": { "line": 40, "column": 55 } },
					{ "start": { "line": 40, "column": 55 }, "end": { "line": 40, "column": 85 } }
				]
			},
			"10": {
				"loc": { "start": { "line": 41, "column": 40 }, "end": { "line": 41, "column": null } },
				"type": "if",
				"locations": [
					{ "start": { "line": 41, "column": 40 }, "end": { "line": 41, "column": null } },
					{ "start": { "line": 41, "column": 40 }, "end": { "line": 41, "column": null } }
				]
			},
			"11": {
				"loc": { "start": { "line": 46, "column": 4 }, "end": { "line": 46, "column": null } },
				"type": "default-arg",
				"locations": [{ "start": { "line": 46, "column": 16 }, "end": { "line": 46, "column": null } }]
			},
			"12": {
				"loc": { "start": { "line": 47, "column": 4 }, "end": { "line": 47, "column": null } },
				"type": "default-arg",
				"locations": [{ "start": { "line": 47, "column": 11 }, "end": { "line": 47, "column": null } }]
			},
			"13": {
				"loc": { "start": { "line": 49, "column": 12 }, "end": { "line": 49, "column": 24 } },
				"type": "binary-expr",
				"locations": [
					{ "start": { "line": 49, "column": 12 }, "end": { "line": 49, "column": 20 } },
					{ "start": { "line": 49, "column": 20 }, "end": { "line": 49, "column": 24 } }
				]
			},
			"14": {
				"loc": { "start": { "line": 52, "column": 16 }, "end": { "line": 52, "column": 39 } },
				"type": "default-arg",
				"locations": [{ "start": { "line": 52, "column": 28 }, "end": { "line": 52, "column": 39 } }]
			},
			"15": {
				"loc": { "start": { "line": 53, "column": 12 }, "end": { "line": 53, "column": 24 } },
				"type": "binary-expr",
				"locations": [
					{ "start": { "line": 53, "column": 12 }, "end": { "line": 53, "column": 20 } },
					{ "start": { "line": 53, "column": 20 }, "end": { "line": 53, "column": 24 } }
				]
			}
		},
		"s": {
			"0": 3,
			"1": 3,
			"2": 43,
			"3": 157,
			"4": 1,
			"5": 156,
			"6": 156,
			"7": 4,
			"8": 152,
			"9": 3,
			"10": 149,
			"11": 11,
			"12": 31,
			"13": 26,
			"14": 64,
			"15": 31,
			"16": 49,
			"17": 49,
			"18": 31,
			"19": 32,
			"20": 32,
			"21": 31,
			"22": 20,
			"23": 51,
			"24": 183,
			"25": 968,
			"26": 72
		},
		"f": {
			"0": 3,
			"1": 3,
			"2": 43,
			"3": 157,
			"4": 11,
			"5": 31,
			"6": 26,
			"7": 64,
			"8": 49,
			"9": 49,
			"10": 20,
			"11": 51,
			"12": 183,
			"13": 968,
			"14": 72
		},
		"b": {
			"0": [0],
			"1": [34],
			"2": [43, 0],
			"3": [1, 156],
			"4": [4, 152],
			"5": [3, 149],
			"6": [152, 152],
			"7": [14],
			"8": [14],
			"9": [49, 39, 17],
			"10": [32, 0],
			"11": [7],
			"12": [0],
			"13": [20, 0],
			"14": [62],
			"15": [183, 0]
		}
	},
	"C:/Users/deev/WebstormProjects/yantrix222/packages/automata/src/Automata.ts": {
		"path": "C:/Users/deev/WebstormProjects/yantrix222/packages/automata/src/Automata.ts",
		"statementMap": {
			"0": { "start": { "line": 26, "column": 1 }, "end": { "line": 257, "column": null } },
			"1": { "start": { "line": 27, "column": 2 }, "end": { "line": 257, "column": null } },
			"2": { "start": { "line": 35, "column": 14 }, "end": { "line": 35, "column": null } },
			"3": { "start": { "line": 37, "column": 30 }, "end": { "line": 37, "column": null } },
			"4": { "start": { "line": 38, "column": 45 }, "end": { "line": 38, "column": null } },
			"5": { "start": { "line": 39, "column": 59 }, "end": { "line": 39, "column": null } },
			"6": { "start": { "line": 40, "column": 14 }, "end": { "line": 40, "column": null } },
			"7": { "start": { "line": 41, "column": 13 }, "end": { "line": 41, "column": null } },
			"8": { "start": { "line": 42, "column": 92 }, "end": { "line": 42, "column": null } },
			"9": { "start": { "line": 55, "column": 4 }, "end": { "line": 55, "column": null } },
			"10": { "start": { "line": 56, "column": 4 }, "end": { "line": 56, "column": null } },
			"11": { "start": { "line": 56, "column": 22 }, "end": { "line": 56, "column": null } },
			"12": { "start": { "line": 60, "column": 4 }, "end": { "line": 60, "column": null } },
			"13": { "start": { "line": 64, "column": 4 }, "end": { "line": 64, "column": null } },
			"14": { "start": { "line": 68, "column": 4 }, "end": { "line": 68, "column": null } },
			"15": { "start": { "line": 69, "column": 4 }, "end": { "line": 69, "column": null } },
			"16": { "start": { "line": 76, "column": 10 }, "end": { "line": 76, "column": null } },
			"17": { "start": { "line": 77, "column": 21 }, "end": { "line": 77, "column": null } },
			"18": { "start": { "line": 78, "column": 4 }, "end": { "line": 81, "column": null } },
			"19": { "start": { "line": 79, "column": 5 }, "end": { "line": 79, "column": null } },
			"20": { "start": { "line": 80, "column": 5 }, "end": { "line": 80, "column": null } },
			"21": { "start": { "line": 82, "column": 4 }, "end": { "line": 85, "column": null } },
			"22": { "start": { "line": 89, "column": 4 }, "end": { "line": 89, "column": null } },
			"23": { "start": { "line": 90, "column": 4 }, "end": { "line": 90, "column": null } },
			"24": { "start": { "line": 94, "column": 4 }, "end": { "line": 94, "column": null } },
			"25": { "start": { "line": 95, "column": 4 }, "end": { "line": 95, "column": null } },
			"26": { "start": { "line": 95, "column": 20 }, "end": { "line": 95, "column": null } },
			"27": { "start": { "line": 96, "column": 4 }, "end": { "line": 96, "column": null } },
			"28": { "start": { "line": 100, "column": 4 }, "end": { "line": 100, "column": null } },
			"29": { "start": { "line": 104, "column": 4 }, "end": { "line": 104, "column": null } },
			"30": { "start": { "line": 108, "column": 4 }, "end": { "line": 108, "column": null } },
			"31": { "start": { "line": 109, "column": 4 }, "end": { "line": 109, "column": null } },
			"32": { "start": { "line": 113, "column": 4 }, "end": { "line": 113, "column": null } },
			"33": { "start": { "line": 114, "column": 4 }, "end": { "line": 114, "column": null } },
			"34": { "start": { "line": 114, "column": 26 }, "end": { "line": 114, "column": null } },
			"35": { "start": { "line": 115, "column": 4 }, "end": { "line": 115, "column": null } },
			"36": { "start": { "line": 128, "column": 8 }, "end": { "line": 128, "column": null } },
			"37": { "start": { "line": 129, "column": 4 }, "end": { "line": 131, "column": null } },
			"38": { "start": { "line": 129, "column": 29 }, "end": { "line": 129, "column": null } },
			"39": { "start": { "line": 129, "column": 49 }, "end": { "line": 131, "column": null } },
			"40": { "start": { "line": 130, "column": 46 }, "end": { "line": 130, "column": null } },
			"41": { "start": { "line": 131, "column": 9 }, "end": { "line": 131, "column": null } },
			"42": { "start": { "line": 132, "column": 4 }, "end": { "line": 132, "column": null } },
			"43": { "start": { "line": 132, "column": 36 }, "end": { "line": 132, "column": null } },
			"44": { "start": { "line": 133, "column": 4 }, "end": { "line": 133, "column": null } },
			"45": { "start": { "line": 134, "column": 4 }, "end": { "line": 134, "column": null } },
			"46": { "start": { "line": 135, "column": 4 }, "end": { "line": 135, "column": null } },
			"47": { "start": { "line": 136, "column": 4 }, "end": { "line": 136, "column": null } },
			"48": { "start": { "line": 137, "column": 4 }, "end": { "line": 137, "column": null } },
			"49": { "start": { "line": 137, "column": 24 }, "end": { "line": 137, "column": null } },
			"50": { "start": { "line": 138, "column": 4 }, "end": { "line": 138, "column": null } },
			"51": { "start": { "line": 138, "column": 25 }, "end": { "line": 138, "column": null } },
			"52": { "start": { "line": 139, "column": 4 }, "end": { "line": 139, "column": null } },
			"53": { "start": { "line": 139, "column": 24 }, "end": { "line": 139, "column": null } },
			"54": { "start": { "line": 140, "column": 4 }, "end": { "line": 140, "column": null } },
			"55": { "start": { "line": 146, "column": 4 }, "end": { "line": 146, "column": null } },
			"56": { "start": { "line": 146, "column": 46 }, "end": { "line": 146, "column": null } },
			"57": { "start": { "line": 147, "column": 4 }, "end": { "line": 152, "column": null } },
			"58": { "start": { "line": 148, "column": 5 }, "end": { "line": 152, "column": null } },
			"59": { "start": { "line": 153, "column": 25 }, "end": { "line": 156, "column": null } },
			"60": { "start": { "line": 157, "column": 4 }, "end": { "line": 158, "column": null } },
			"61": { "start": { "line": 158, "column": 5 }, "end": { "line": 158, "column": null } },
			"62": { "start": { "line": 159, "column": 4 }, "end": { "line": 164, "column": null } },
			"63": { "start": { "line": 160, "column": 5 }, "end": { "line": 160, "column": null } },
			"64": { "start": { "line": 161, "column": 4 }, "end": { "line": 164, "column": null } },
			"65": { "start": { "line": 162, "column": 5 }, "end": { "line": 162, "column": null } },
			"66": { "start": { "line": 163, "column": 5 }, "end": { "line": 163, "column": null } },
			"67": { "start": { "line": 165, "column": 4 }, "end": { "line": 165, "column": null } },
			"68": { "start": { "line": 169, "column": 4 }, "end": { "line": 172, "column": null } },
			"69": { "start": { "line": 176, "column": 4 }, "end": { "line": 176, "column": null } },
			"70": { "start": { "line": 180, "column": 4 }, "end": { "line": 180, "column": null } },
			"71": { "start": { "line": 184, "column": 4 }, "end": { "line": 184, "column": null } },
			"72": { "start": { "line": 184, "column": 35 }, "end": { "line": 184, "column": null } },
			"73": { "start": { "line": 194, "column": 8 }, "end": { "line": 197, "column": null } },
			"74": { "start": { "line": 198, "column": 18 }, "end": { "line": 198, "column": null } },
			"75": { "start": { "line": 199, "column": 4 }, "end": { "line": 201, "column": null } },
			"76": { "start": { "line": 200, "column": 5 }, "end": { "line": 200, "column": null } },
			"77": { "start": { "line": 202, "column": 4 }, "end": { "line": 204, "column": null } },
			"78": { "start": { "line": 203, "column": 5 }, "end": { "line": 203, "column": null } },
			"79": { "start": { "line": 205, "column": 4 }, "end": { "line": 205, "column": null } },
			"80": { "start": { "line": 209, "column": 4 }, "end": { "line": 210, "column": null } },
			"81": { "start": { "line": 210, "column": 5 }, "end": { "line": 210, "column": null } },
			"82": { "start": { "line": 220, "column": 8 }, "end": { "line": 223, "column": null } },
			"83": { "start": { "line": 224, "column": 4 }, "end": { "line": 224, "column": null } },
			"84": { "start": { "line": 224, "column": 24 }, "end": { "line": 224, "column": null } },
			"85": { "start": { "line": 225, "column": 26 }, "end": { "line": 225, "column": null } },
			"86": { "start": { "line": 226, "column": 4 }, "end": { "line": 226, "column": null } },
			"87": { "start": { "line": 226, "column": 24 }, "end": { "line": 226, "column": null } },
			"88": { "start": { "line": 227, "column": 4 }, "end": { "line": 227, "column": null } },
			"89": { "start": { "line": 227, "column": 53 }, "end": { "line": 227, "column": null } },
			"90": { "start": { "line": 228, "column": 4 }, "end": { "line": 231, "column": null } },
			"91": { "start": { "line": 232, "column": 4 }, "end": { "line": 232, "column": null } },
			"92": { "start": { "line": 233, "column": 4 }, "end": { "line": 233, "column": null } },
			"93": { "start": { "line": 236, "column": 70 }, "end": { "line": 243, "column": null } },
			"94": { "start": { "line": 237, "column": 23 }, "end": { "line": 237, "column": null } },
			"95": { "start": { "line": 238, "column": 4 }, "end": { "line": 239, "column": null } },
			"96": { "start": { "line": 239, "column": 5 }, "end": { "line": 239, "column": null } },
			"97": { "start": { "line": 240, "column": 18 }, "end": { "line": 240, "column": null } },
			"98": { "start": { "line": 241, "column": 4 }, "end": { "line": 241, "column": null } },
			"99": { "start": { "line": 241, "column": 26 }, "end": { "line": 241, "column": null } },
			"100": { "start": { "line": 242, "column": 4 }, "end": { "line": 242, "column": null } },
			"101": { "start": { "line": 245, "column": 90 }, "end": { "line": 250, "column": null } },
			"102": { "start": { "line": 246, "column": 4 }, "end": { "line": 246, "column": null } },
			"103": { "start": { "line": 246, "column": 57 }, "end": { "line": 246, "column": null } },
			"104": { "start": { "line": 247, "column": 4 }, "end": { "line": 247, "column": null } },
			"105": { "start": { "line": 248, "column": 4 }, "end": { "line": 248, "column": null } },
			"106": { "start": { "line": 249, "column": 4 }, "end": { "line": 249, "column": null } },
			"107": { "start": { "line": 252, "column": 86 }, "end": { "line": 256, "column": null } },
			"108": { "start": { "line": 253, "column": 4 }, "end": { "line": 253, "column": null } },
			"109": { "start": { "line": 253, "column": 31 }, "end": { "line": 253, "column": null } },
			"110": { "start": { "line": 254, "column": 4 }, "end": { "line": 254, "column": null } },
			"111": { "start": { "line": 255, "column": 4 }, "end": { "line": 255, "column": null } }
		},
		"fnMap": {
			"0": {
				"name": "createAutomata",
				"decl": { "start": { "line": 18, "column": 16 }, "end": { "line": 18, "column": null } },
				"loc": { "start": { "line": 25, "column": 4 }, "end": { "line": 258, "column": null } }
			},
			"1": {
				"name": "(anonymous_1)",
				"decl": { "start": { "line": 26, "column": 8 }, "end": { "line": 26, "column": 71 } },
				"loc": { "start": { "line": 27, "column": 2 }, "end": { "line": 257, "column": null } }
			},
			"2": {
				"name": "(anonymous_2)",
				"decl": { "start": { "line": 44, "column": 3 }, "end": { "line": 44, "column": null } },
				"loc": { "start": { "line": 54, "column": 5 }, "end": { "line": 57, "column": null } }
			},
			"3": {
				"name": "(anonymous_3)",
				"decl": { "start": { "line": 59, "column": 3 }, "end": { "line": 59, "column": 7 } },
				"loc": { "start": { "line": 59, "column": 15 }, "end": { "line": 61, "column": null } }
			},
			"4": {
				"name": "(anonymous_4)",
				"decl": { "start": { "line": 63, "column": 3 }, "end": { "line": 63, "column": 7 } },
				"loc": { "start": { "line": 63, "column": 17 }, "end": { "line": 65, "column": null } }
			},
			"5": {
				"name": "(anonymous_5)",
				"decl": { "start": { "line": 67, "column": 3 }, "end": { "line": 67, "column": 22 } },
				"loc": { "start": { "line": 67, "column": 22 }, "end": { "line": 70, "column": null } }
			},
			"6": {
				"name": "(anonymous_6)",
				"decl": { "start": { "line": 72, "column": 3 }, "end": { "line": 72, "column": null } },
				"loc": { "start": { "line": 75, "column": 5 }, "end": { "line": 86, "column": null } }
			},
			"7": {
				"name": "(anonymous_7)",
				"decl": { "start": { "line": 88, "column": 3 }, "end": { "line": 88, "column": 12 } },
				"loc": { "start": { "line": 88, "column": 12 }, "end": { "line": 91, "column": null } }
			},
			"8": {
				"name": "(anonymous_8)",
				"decl": { "start": { "line": 93, "column": 3 }, "end": { "line": 93, "column": 11 } },
				"loc": { "start": { "line": 93, "column": 31 }, "end": { "line": 97, "column": null } }
			},
			"9": {
				"name": "(anonymous_9)",
				"decl": { "start": { "line": 99, "column": 3 }, "end": { "line": 99, "column": 15 } },
				"loc": { "start": { "line": 99, "column": 15 }, "end": { "line": 101, "column": null } }
			},
			"10": {
				"name": "(anonymous_10)",
				"decl": { "start": { "line": 103, "column": 3 }, "end": { "line": 103, "column": 14 } },
				"loc": { "start": { "line": 103, "column": 14 }, "end": { "line": 105, "column": null } }
			},
			"11": {
				"name": "(anonymous_11)",
				"decl": { "start": { "line": 107, "column": 3 }, "end": { "line": 107, "column": 11 } },
				"loc": { "start": { "line": 107, "column": 11 }, "end": { "line": 110, "column": null } }
			},
			"12": {
				"name": "(anonymous_12)",
				"decl": { "start": { "line": 112, "column": 3 }, "end": { "line": 112, "column": 12 } },
				"loc": { "start": { "line": 112, "column": 12 }, "end": { "line": 116, "column": null } }
			},
			"13": {
				"name": "(anonymous_13)",
				"decl": { "start": { "line": 118, "column": 3 }, "end": { "line": 118, "column": 8 } },
				"loc": { "start": { "line": 118, "column": 108 }, "end": { "line": 141, "column": null } }
			},
			"14": {
				"name": "(anonymous_14)",
				"decl": { "start": { "line": 143, "column": 3 }, "end": { "line": 143, "column": null } },
				"loc": { "start": { "line": 145, "column": 52 }, "end": { "line": 166, "column": null } }
			},
			"15": {
				"name": "(anonymous_15)",
				"decl": { "start": { "line": 168, "column": 3 }, "end": { "line": 168, "column": 88 } },
				"loc": { "start": { "line": 168, "column": 88 }, "end": { "line": 173, "column": null } }
			},
			"16": {
				"name": "(anonymous_16)",
				"decl": { "start": { "line": 175, "column": 3 }, "end": { "line": 175, "column": 20 } },
				"loc": { "start": { "line": 175, "column": 20 }, "end": { "line": 177, "column": null } }
			},
			"17": {
				"name": "(anonymous_17)",
				"decl": { "start": { "line": 179, "column": 3 }, "end": { "line": 179, "column": 16 } },
				"loc": { "start": { "line": 179, "column": 16 }, "end": { "line": 181, "column": null } }
			},
			"18": {
				"name": "(anonymous_18)",
				"decl": { "start": { "line": 183, "column": 3 }, "end": { "line": 183, "column": 17 } },
				"loc": { "start": { "line": 183, "column": 28 }, "end": { "line": 206, "column": null } }
			},
			"19": {
				"name": "(anonymous_19)",
				"decl": { "start": { "line": 208, "column": 3 }, "end": { "line": 208, "column": 19 } },
				"loc": { "start": { "line": 208, "column": 80 }, "end": { "line": 234, "column": null } }
			},
			"20": {
				"name": "(anonymous_20)",
				"decl": { "start": { "line": 236, "column": 70 }, "end": { "line": 236, "column": 76 } },
				"loc": { "start": { "line": 236, "column": 76 }, "end": { "line": 243, "column": null } }
			},
			"21": {
				"name": "(anonymous_21)",
				"decl": { "start": { "line": 245, "column": 90 }, "end": { "line": 245, "column": 91 } },
				"loc": { "start": { "line": 245, "column": 110 }, "end": { "line": 250, "column": null } }
			},
			"22": {
				"name": "(anonymous_22)",
				"decl": { "start": { "line": 252, "column": 86 }, "end": { "line": 252, "column": 87 } },
				"loc": { "start": { "line": 252, "column": 97 }, "end": { "line": 256, "column": null } }
			}
		},
		"branchMap": {
			"0": {
				"loc": { "start": { "line": 45, "column": 4 }, "end": { "line": 52, "column": null } },
				"type": "default-arg",
				"locations": [{ "start": { "line": 52, "column": 15 }, "end": { "line": 52, "column": null } }]
			},
			"1": {
				"loc": { "start": { "line": 56, "column": 4 }, "end": { "line": 56, "column": null } },
				"type": "if",
				"locations": [
					{ "start": { "line": 56, "column": 4 }, "end": { "line": 56, "column": null } },
					{ "start": { "line": 56, "column": 4 }, "end": { "line": 56, "column": null } }
				]
			},
			"2": {
				"loc": { "start": { "line": 76, "column": 21 }, "end": { "line": 76, "column": 46 } },
				"type": "binary-expr",
				"locations": [
					{ "start": { "line": 76, "column": 21 }, "end": { "line": 76, "column": 42 } },
					{ "start": { "line": 76, "column": 42 }, "end": { "line": 76, "column": 46 } }
				]
			},
			"3": {
				"loc": { "start": { "line": 78, "column": 4 }, "end": { "line": 81, "column": null } },
				"type": "if",
				"locations": [
					{ "start": { "line": 78, "column": 4 }, "end": { "line": 81, "column": null } },
					{ "start": { "line": 78, "column": 4 }, "end": { "line": 81, "column": null } }
				]
			},
			"4": {
				"loc": { "start": { "line": 93, "column": 11 }, "end": { "line": 93, "column": 31 } },
				"type": "default-arg",
				"locations": [{ "start": { "line": 93, "column": 24 }, "end": { "line": 93, "column": 31 } }]
			},
			"5": {
				"loc": { "start": { "line": 95, "column": 4 }, "end": { "line": 95, "column": null } },
				"type": "if",
				"locations": [
					{ "start": { "line": 95, "column": 4 }, "end": { "line": 95, "column": null } },
					{ "start": { "line": 95, "column": 4 }, "end": { "line": 95, "column": null } }
				]
			},
			"6": {
				"loc": { "start": { "line": 100, "column": 11 }, "end": { "line": 100, "column": null } },
				"type": "binary-expr",
				"locations": [
					{ "start": { "line": 100, "column": 11 }, "end": { "line": 100, "column": 28 } },
					{ "start": { "line": 100, "column": 28 }, "end": { "line": 100, "column": null } }
				]
			},
			"7": {
				"loc": { "start": { "line": 104, "column": 11 }, "end": { "line": 104, "column": null } },
				"type": "binary-expr",
				"locations": [
					{ "start": { "line": 104, "column": 11 }, "end": { "line": 104, "column": 27 } },
					{ "start": { "line": 104, "column": 27 }, "end": { "line": 104, "column": null } }
				]
			},
			"8": {
				"loc": { "start": { "line": 114, "column": 4 }, "end": { "line": 114, "column": null } },
				"type": "if",
				"locations": [
					{ "start": { "line": 114, "column": 4 }, "end": { "line": 114, "column": null } },
					{ "start": { "line": 114, "column": 4 }, "end": { "line": 114, "column": null } }
				]
			},
			"9": {
				"loc": { "start": { "line": 120, "column": 5 }, "end": { "line": 120, "column": null } },
				"type": "default-arg",
				"locations": [{ "start": { "line": 120, "column": 13 }, "end": { "line": 120, "column": null } }]
			},
			"10": {
				"loc": { "start": { "line": 122, "column": 5 }, "end": { "line": 122, "column": null } },
				"type": "default-arg",
				"locations": [{ "start": { "line": 122, "column": 14 }, "end": { "line": 122, "column": null } }]
			},
			"11": {
				"loc": { "start": { "line": 123, "column": 5 }, "end": { "line": 123, "column": null } },
				"type": "default-arg",
				"locations": [{ "start": { "line": 123, "column": 15 }, "end": { "line": 123, "column": null } }]
			},
			"12": {
				"loc": { "start": { "line": 124, "column": 5 }, "end": { "line": 124, "column": null } },
				"type": "default-arg",
				"locations": [{ "start": { "line": 124, "column": 19 }, "end": { "line": 124, "column": null } }]
			},
			"13": {
				"loc": { "start": { "line": 129, "column": 4 }, "end": { "line": 131, "column": null } },
				"type": "if",
				"locations": [
					{ "start": { "line": 129, "column": 4 }, "end": { "line": 131, "column": null } },
					{ "start": { "line": 129, "column": 49 }, "end": { "line": 131, "column": null } }
				]
			},
			"14": {
				"loc": { "start": { "line": 129, "column": 49 }, "end": { "line": 131, "column": null } },
				"type": "if",
				"locations": [
					{ "start": { "line": 129, "column": 49 }, "end": { "line": 131, "column": null } },
					{ "start": { "line": 131, "column": 9 }, "end": { "line": 131, "column": null } }
				]
			},
			"15": {
				"loc": { "start": { "line": 132, "column": 4 }, "end": { "line": 132, "column": null } },
				"type": "if",
				"locations": [
					{ "start": { "line": 132, "column": 4 }, "end": { "line": 132, "column": null } },
					{ "start": { "line": 132, "column": 4 }, "end": { "line": 132, "column": null } }
				]
			},
			"16": {
				"loc": { "start": { "line": 137, "column": 4 }, "end": { "line": 137, "column": null } },
				"type": "if",
				"locations": [
					{ "start": { "line": 137, "column": 4 }, "end": { "line": 137, "column": null } },
					{ "start": { "line": 137, "column": 4 }, "end": { "line": 137, "column": null } }
				]
			},
			"17": {
				"loc": { "start": { "line": 138, "column": 4 }, "end": { "line": 138, "column": null } },
				"type": "if",
				"locations": [
					{ "start": { "line": 138, "column": 4 }, "end": { "line": 138, "column": null } },
					{ "start": { "line": 138, "column": 4 }, "end": { "line": 138, "column": null } }
				]
			},
			"18": {
				"loc": { "start": { "line": 139, "column": 4 }, "end": { "line": 139, "column": null } },
				"type": "if",
				"locations": [
					{ "start": { "line": 139, "column": 4 }, "end": { "line": 139, "column": null } },
					{ "start": { "line": 139, "column": 4 }, "end": { "line": 139, "column": null } }
				]
			},
			"19": {
				"loc": { "start": { "line": 146, "column": 4 }, "end": { "line": 146, "column": null } },
				"type": "if",
				"locations": [
					{ "start": { "line": 146, "column": 4 }, "end": { "line": 146, "column": null } },
					{ "start": { "line": 146, "column": 4 }, "end": { "line": 146, "column": null } }
				]
			},
			"20": {
				"loc": { "start": { "line": 147, "column": 4 }, "end": { "line": 152, "column": null } },
				"type": "if",
				"locations": [
					{ "start": { "line": 147, "column": 4 }, "end": { "line": 152, "column": null } },
					{ "start": { "line": 147, "column": 4 }, "end": { "line": 152, "column": null } }
				]
			},
			"21": {
				"loc": { "start": { "line": 157, "column": 4 }, "end": { "line": 158, "column": null } },
				"type": "if",
				"locations": [
					{ "start": { "line": 157, "column": 4 }, "end": { "line": 158, "column": null } },
					{ "start": { "line": 157, "column": 4 }, "end": { "line": 158, "column": null } }
				]
			},
			"22": {
				"loc": { "start": { "line": 157, "column": 8 }, "end": { "line": 157, "column": null } },
				"type": "binary-expr",
				"locations": [
					{ "start": { "line": 157, "column": 8 }, "end": { "line": 157, "column": 25 } },
					{ "start": { "line": 157, "column": 25 }, "end": { "line": 157, "column": null } }
				]
			},
			"23": {
				"loc": { "start": { "line": 159, "column": 4 }, "end": { "line": 164, "column": null } },
				"type": "if",
				"locations": [
					{ "start": { "line": 159, "column": 4 }, "end": { "line": 164, "column": null } },
					{ "start": { "line": 161, "column": 4 }, "end": { "line": 164, "column": null } }
				]
			},
			"24": {
				"loc": { "start": { "line": 161, "column": 4 }, "end": { "line": 164, "column": null } },
				"type": "if",
				"locations": [
					{ "start": { "line": 161, "column": 4 }, "end": { "line": 164, "column": null } },
					{ "start": { "line": 161, "column": 4 }, "end": { "line": 164, "column": null } }
				]
			},
			"25": {
				"loc": { "start": { "line": 176, "column": 12 }, "end": { "line": 176, "column": 37 } },
				"type": "binary-expr",
				"locations": [
					{ "start": { "line": 176, "column": 12 }, "end": { "line": 176, "column": 33 } },
					{ "start": { "line": 176, "column": 33 }, "end": { "line": 176, "column": 37 } }
				]
			},
			"26": {
				"loc": { "start": { "line": 183, "column": 17 }, "end": { "line": 183, "column": 28 } },
				"type": "default-arg",
				"locations": [{ "start": { "line": 183, "column": 25 }, "end": { "line": 183, "column": 28 } }]
			},
			"27": {
				"loc": { "start": { "line": 184, "column": 4 }, "end": { "line": 184, "column": null } },
				"type": "if",
				"locations": [
					{ "start": { "line": 184, "column": 4 }, "end": { "line": 184, "column": null } },
					{ "start": { "line": 184, "column": 4 }, "end": { "line": 184, "column": null } }
				]
			},
			"28": {
				"loc": { "start": { "line": 202, "column": 4 }, "end": { "line": 204, "column": null } },
				"type": "if",
				"locations": [
					{ "start": { "line": 202, "column": 4 }, "end": { "line": 204, "column": null } },
					{ "start": { "line": 202, "column": 4 }, "end": { "line": 204, "column": null } }
				]
			},
			"29": {
				"loc": { "start": { "line": 208, "column": 19 }, "end": { "line": 208, "column": 50 } },
				"type": "default-arg",
				"locations": [{ "start": { "line": 208, "column": 27 }, "end": { "line": 208, "column": 50 } }]
			},
			"30": {
				"loc": { "start": { "line": 208, "column": 50 }, "end": { "line": 208, "column": 80 } },
				"type": "default-arg",
				"locations": [{ "start": { "line": 208, "column": 61 }, "end": { "line": 208, "column": 80 } }]
			},
			"31": {
				"loc": { "start": { "line": 209, "column": 4 }, "end": { "line": 210, "column": null } },
				"type": "if",
				"locations": [
					{ "start": { "line": 209, "column": 4 }, "end": { "line": 210, "column": null } },
					{ "start": { "line": 209, "column": 4 }, "end": { "line": 210, "column": null } }
				]
			},
			"32": {
				"loc": { "start": { "line": 222, "column": 15 }, "end": { "line": 222, "column": null } },
				"type": "binary-expr",
				"locations": [
					{ "start": { "line": 222, "column": 15 }, "end": { "line": 222, "column": 27 } },
					{ "start": { "line": 222, "column": 27 }, "end": { "line": 222, "column": null } }
				]
			},
			"33": {
				"loc": { "start": { "line": 224, "column": 4 }, "end": { "line": 224, "column": null } },
				"type": "if",
				"locations": [
					{ "start": { "line": 224, "column": 4 }, "end": { "line": 224, "column": null } },
					{ "start": { "line": 224, "column": 4 }, "end": { "line": 224, "column": null } }
				]
			},
			"34": {
				"loc": { "start": { "line": 226, "column": 4 }, "end": { "line": 226, "column": null } },
				"type": "if",
				"locations": [
					{ "start": { "line": 226, "column": 4 }, "end": { "line": 226, "column": null } },
					{ "start": { "line": 226, "column": 4 }, "end": { "line": 226, "column": null } }
				]
			},
			"35": {
				"loc": { "start": { "line": 227, "column": 4 }, "end": { "line": 227, "column": null } },
				"type": "if",
				"locations": [
					{ "start": { "line": 227, "column": 4 }, "end": { "line": 227, "column": null } },
					{ "start": { "line": 227, "column": 4 }, "end": { "line": 227, "column": null } }
				]
			},
			"36": {
				"loc": { "start": { "line": 238, "column": 4 }, "end": { "line": 239, "column": null } },
				"type": "if",
				"locations": [
					{ "start": { "line": 238, "column": 4 }, "end": { "line": 239, "column": null } },
					{ "start": { "line": 238, "column": 4 }, "end": { "line": 239, "column": null } }
				]
			},
			"37": {
				"loc": { "start": { "line": 245, "column": 91 }, "end": { "line": 245, "column": 110 } },
				"type": "default-arg",
				"locations": [{ "start": { "line": 245, "column": 101 }, "end": { "line": 245, "column": 110 } }]
			},
			"38": {
				"loc": { "start": { "line": 246, "column": 4 }, "end": { "line": 246, "column": null } },
				"type": "if",
				"locations": [
					{ "start": { "line": 246, "column": 4 }, "end": { "line": 246, "column": null } },
					{ "start": { "line": 246, "column": 4 }, "end": { "line": 246, "column": null } }
				]
			},
			"39": {
				"loc": { "start": { "line": 246, "column": 8 }, "end": { "line": 246, "column": 57 } },
				"type": "binary-expr",
				"locations": [
					{ "start": { "line": 246, "column": 8 }, "end": { "line": 246, "column": 20 } },
					{ "start": { "line": 246, "column": 20 }, "end": { "line": 246, "column": 57 } }
				]
			},
			"40": {
				"loc": { "start": { "line": 248, "column": 20 }, "end": { "line": 248, "column": null } },
				"type": "binary-expr",
				"locations": [
					{ "start": { "line": 248, "column": 20 }, "end": { "line": 248, "column": 39 } },
					{ "start": { "line": 248, "column": 39 }, "end": { "line": 248, "column": null } }
				]
			},
			"41": {
				"loc": { "start": { "line": 253, "column": 4 }, "end": { "line": 253, "column": null } },
				"type": "if",
				"locations": [
					{ "start": { "line": 253, "column": 4 }, "end": { "line": 253, "column": null } },
					{ "start": { "line": 253, "column": 4 }, "end": { "line": 253, "column": null } }
				]
			}
		},
		"s": {
			"0": 3,
			"1": 3,
			"2": 69,
			"3": 69,
			"4": 69,
			"5": 69,
			"6": 69,
			"7": 69,
			"8": 69,
			"9": 69,
			"10": 69,
			"11": 69,
			"12": 195,
			"13": 195,
			"14": 70,
			"15": 70,
			"16": 32,
			"17": 32,
			"18": 31,
			"19": 29,
			"20": 29,
			"21": 31,
			"22": 43,
			"23": 43,
			"24": 17,
			"25": 17,
			"26": 5,
			"27": 17,
			"28": 139,
			"29": 134,
			"30": 30,
			"31": 30,
			"32": 30,
			"33": 30,
			"34": 27,
			"35": 30,
			"36": 58,
			"37": 58,
			"38": 4,
			"39": 54,
			"40": 52,
			"41": 2,
			"42": 56,
			"43": 3,
			"44": 53,
			"45": 53,
			"46": 53,
			"47": 53,
			"48": 53,
			"49": 0,
			"50": 53,
			"51": 0,
			"52": 53,
			"53": 0,
			"54": 53,
			"55": 90,
			"56": 3,
			"57": 87,
			"58": 1,
			"59": 86,
			"60": 86,
			"61": 0,
			"62": 86,
			"63": 54,
			"64": 32,
			"65": 25,
			"66": 25,
			"67": 86,
			"68": 195,
			"69": 301,
			"70": 20,
			"71": 15,
			"72": 0,
			"73": 15,
			"74": 15,
			"75": 15,
			"76": 12,
			"77": 15,
			"78": 13,
			"79": 13,
			"80": 115,
			"81": 0,
			"82": 115,
			"83": 115,
			"84": 0,
			"85": 115,
			"86": 115,
			"87": 0,
			"88": 115,
			"89": 0,
			"90": 115,
			"91": 115,
			"92": 115,
			"93": 69,
			"94": 118,
			"95": 118,
			"96": 1,
			"97": 117,
			"98": 117,
			"99": 103,
			"100": 117,
			"101": 69,
			"102": 120,
			"103": 2,
			"104": 118,
			"105": 118,
			"106": 118,
			"107": 69,
			"108": 13,
			"109": 0,
			"110": 13,
			"111": 13
		},
		"f": {
			"0": 3,
			"1": 3,
			"2": 69,
			"3": 195,
			"4": 195,
			"5": 70,
			"6": 32,
			"7": 43,
			"8": 17,
			"9": 139,
			"10": 134,
			"11": 30,
			"12": 30,
			"13": 58,
			"14": 90,
			"15": 195,
			"16": 301,
			"17": 20,
			"18": 15,
			"19": 115,
			"20": 118,
			"21": 120,
			"22": 13
		},
		"b": {
			"0": [0],
			"1": [69, 0],
			"2": [32, 0],
			"3": [29, 2],
			"4": [12],
			"5": [5, 12],
			"6": [139, 0],
			"7": [134, 0],
			"8": [27, 3],
			"9": [0],
			"10": [57],
			"11": [57],
			"12": [0],
			"13": [4, 54],
			"14": [52, 2],
			"15": [3, 53],
			"16": [0, 53],
			"17": [0, 53],
			"18": [0, 53],
			"19": [3, 87],
			"20": [1, 86],
			"21": [0, 86],
			"22": [86, 86],
			"23": [54, 32],
			"24": [25, 7],
			"25": [301, 0],
			"26": [4],
			"27": [0, 15],
			"28": [13, 2],
			"29": [0],
			"30": [0],
			"31": [0, 115],
			"32": [115, 0],
			"33": [0, 115],
			"34": [0, 115],
			"35": [0, 115],
			"36": [1, 117],
			"37": [0],
			"38": [2, 118],
			"39": [120, 120],
			"40": [118, 59],
			"41": [0, 13]
		}
	},
	"C:/Users/deev/WebstormProjects/yantrix222/packages/automata/src/EventAdapter.ts": {
		"path": "C:/Users/deev/WebstormProjects/yantrix222/packages/automata/src/EventAdapter.ts",
		"statementMap": {
			"0": { "start": { "line": 24, "column": 1 }, "end": { "line": 135, "column": null } },
			"1": { "start": { "line": 25, "column": 2 }, "end": { "line": 135, "column": null } },
			"2": { "start": { "line": 41, "column": 4 }, "end": { "line": 41, "column": null } },
			"3": { "start": { "line": 42, "column": 4 }, "end": { "line": 42, "column": null } },
			"4": { "start": { "line": 43, "column": 4 }, "end": { "line": 43, "column": null } },
			"5": { "start": { "line": 50, "column": 4 }, "end": { "line": 51, "column": null } },
			"6": { "start": { "line": 51, "column": 5 }, "end": { "line": 51, "column": null } },
			"7": { "start": { "line": 52, "column": 4 }, "end": { "line": 54, "column": null } },
			"8": { "start": { "line": 55, "column": 4 }, "end": { "line": 61, "column": null } },
			"9": { "start": { "line": 56, "column": 5 }, "end": { "line": 60, "column": null } },
			"10": { "start": { "line": 57, "column": 12 }, "end": { "line": 57, "column": null } },
			"11": { "start": { "line": 57, "column": 72 }, "end": { "line": 57, "column": 85 } },
			"12": { "start": { "line": 58, "column": 6 }, "end": { "line": 59, "column": null } },
			"13": { "start": { "line": 58, "column": 31 }, "end": { "line": 58, "column": null } },
			"14": { "start": { "line": 59, "column": 11 }, "end": { "line": 59, "column": null } },
			"15": { "start": { "line": 68, "column": 4 }, "end": { "line": 69, "column": null } },
			"16": { "start": { "line": 69, "column": 5 }, "end": { "line": 69, "column": null } },
			"17": { "start": { "line": 70, "column": 4 }, "end": { "line": 72, "column": null } },
			"18": { "start": { "line": 73, "column": 4 }, "end": { "line": 79, "column": null } },
			"19": { "start": { "line": 74, "column": 5 }, "end": { "line": 78, "column": null } },
			"20": { "start": { "line": 75, "column": 12 }, "end": { "line": 75, "column": null } },
			"21": { "start": { "line": 75, "column": 75 }, "end": { "line": 75, "column": 88 } },
			"22": { "start": { "line": 76, "column": 6 }, "end": { "line": 77, "column": null } },
			"23": { "start": { "line": 76, "column": 31 }, "end": { "line": 76, "column": null } },
			"24": { "start": { "line": 77, "column": 11 }, "end": { "line": 77, "column": null } },
			"25": { "start": { "line": 85, "column": 4 }, "end": { "line": 85, "column": null } },
			"26": { "start": { "line": 85, "column": 40 }, "end": { "line": 85, "column": null } },
			"27": { "start": { "line": 86, "column": 4 }, "end": { "line": 88, "column": null } },
			"28": { "start": { "line": 87, "column": 23 }, "end": { "line": 87, "column": 37 } },
			"29": { "start": { "line": 88, "column": 25 }, "end": { "line": 88, "column": 59 } },
			"30": { "start": { "line": 94, "column": 4 }, "end": { "line": 94, "column": null } },
			"31": { "start": { "line": 94, "column": 41 }, "end": { "line": 94, "column": null } },
			"32": { "start": { "line": 95, "column": 4 }, "end": { "line": 97, "column": null } },
			"33": { "start": { "line": 96, "column": 23 }, "end": { "line": 96, "column": 40 } },
			"34": { "start": { "line": 97, "column": 24 }, "end": { "line": 97, "column": 55 } },
			"35": { "start": { "line": 101, "column": 4 }, "end": { "line": 107, "column": null } },
			"36": { "start": { "line": 103, "column": 6 }, "end": { "line": 103, "column": null } },
			"37": { "start": { "line": 104, "column": 6 }, "end": { "line": 104, "column": null } },
			"38": { "start": { "line": 106, "column": 6 }, "end": { "line": 106, "column": null } },
			"39": { "start": { "line": 106, "column": 68 }, "end": { "line": 106, "column": null } },
			"40": { "start": { "line": 108, "column": 4 }, "end": { "line": 108, "column": null } },
			"41": { "start": { "line": 112, "column": 4 }, "end": { "line": 118, "column": null } },
			"42": { "start": { "line": 114, "column": 6 }, "end": { "line": 114, "column": null } },
			"43": { "start": { "line": 115, "column": 6 }, "end": { "line": 115, "column": null } },
			"44": { "start": { "line": 117, "column": 6 }, "end": { "line": 117, "column": null } },
			"45": { "start": { "line": 117, "column": 67 }, "end": { "line": 117, "column": null } },
			"46": { "start": { "line": 119, "column": 4 }, "end": { "line": 119, "column": null } },
			"47": { "start": { "line": 123, "column": 4 }, "end": { "line": 126, "column": null } },
			"48": { "start": { "line": 125, "column": 20 }, "end": { "line": 125, "column": 51 } },
			"49": { "start": { "line": 130, "column": 4 }, "end": { "line": 133, "column": null } },
			"50": { "start": { "line": 132, "column": 20 }, "end": { "line": 132, "column": 50 } },
			"51": { "start": { "line": 151, "column": 2 }, "end": { "line": 151, "column": null } }
		},
		"fnMap": {
			"0": {
				"name": "createEventAdapter",
				"decl": { "start": { "line": 16, "column": 16 }, "end": { "line": 16, "column": null } },
				"loc": { "start": { "line": 23, "column": 4 }, "end": { "line": 136, "column": null } }
			},
			"1": {
				"name": "(anonymous_1)",
				"decl": { "start": { "line": 24, "column": 8 }, "end": { "line": 24, "column": 71 } },
				"loc": { "start": { "line": 25, "column": 2 }, "end": { "line": 135, "column": null } }
			},
			"2": {
				"name": "(anonymous_2)",
				"decl": { "start": { "line": 40, "column": 10 }, "end": { "line": 40, "column": 24 } },
				"loc": { "start": { "line": 40, "column": 24 }, "end": { "line": 44, "column": null } }
			},
			"3": {
				"name": "(anonymous_3)",
				"decl": { "start": { "line": 46, "column": 10 }, "end": { "line": 46, "column": null } },
				"loc": { "start": { "line": 49, "column": 5 }, "end": { "line": 62, "column": null } }
			},
			"4": {
				"name": "(anonymous_4)",
				"decl": { "start": { "line": 55, "column": 11 }, "end": { "line": 55, "column": 17 } },
				"loc": { "start": { "line": 55, "column": 17 }, "end": { "line": 61, "column": null } }
			},
			"5": {
				"name": "(anonymous_5)",
				"decl": { "start": { "line": 57, "column": 65 }, "end": { "line": 57, "column": 66 } },
				"loc": { "start": { "line": 57, "column": 72 }, "end": { "line": 57, "column": 85 } }
			},
			"6": {
				"name": "(anonymous_6)",
				"decl": { "start": { "line": 64, "column": 10 }, "end": { "line": 64, "column": null } },
				"loc": { "start": { "line": 67, "column": 5 }, "end": { "line": 80, "column": null } }
			},
			"7": {
				"name": "(anonymous_7)",
				"decl": { "start": { "line": 73, "column": 11 }, "end": { "line": 73, "column": 17 } },
				"loc": { "start": { "line": 73, "column": 17 }, "end": { "line": 79, "column": null } }
			},
			"8": {
				"name": "(anonymous_8)",
				"decl": { "start": { "line": 75, "column": 68 }, "end": { "line": 75, "column": 69 } },
				"loc": { "start": { "line": 75, "column": 75 }, "end": { "line": 75, "column": 88 } }
			},
			"9": {
				"name": "(anonymous_9)",
				"decl": { "start": { "line": 82, "column": 10 }, "end": { "line": 82, "column": null } },
				"loc": { "start": { "line": 84, "column": 90 }, "end": { "line": 89, "column": null } }
			},
			"10": {
				"name": "(anonymous_10)",
				"decl": { "start": { "line": 87, "column": 10 }, "end": { "line": 87, "column": 11 } },
				"loc": { "start": { "line": 87, "column": 23 }, "end": { "line": 87, "column": 37 } }
			},
			"11": {
				"name": "(anonymous_11)",
				"decl": { "start": { "line": 88, "column": 13 }, "end": { "line": 88, "column": 14 } },
				"loc": { "start": { "line": 88, "column": 25 }, "end": { "line": 88, "column": 59 } }
			},
			"12": {
				"name": "(anonymous_12)",
				"decl": { "start": { "line": 91, "column": 10 }, "end": { "line": 91, "column": null } },
				"loc": { "start": { "line": 93, "column": 89 }, "end": { "line": 98, "column": null } }
			},
			"13": {
				"name": "(anonymous_13)",
				"decl": { "start": { "line": 96, "column": 10 }, "end": { "line": 96, "column": 11 } },
				"loc": { "start": { "line": 96, "column": 23 }, "end": { "line": 96, "column": 40 } }
			},
			"14": {
				"name": "(anonymous_14)",
				"decl": { "start": { "line": 97, "column": 13 }, "end": { "line": 97, "column": 14 } },
				"loc": { "start": { "line": 97, "column": 24 }, "end": { "line": 97, "column": 55 } }
			},
			"15": {
				"name": "(anonymous_15)",
				"decl": { "start": { "line": 100, "column": 10 }, "end": { "line": 100, "column": 50 } },
				"loc": { "start": { "line": 100, "column": 73 }, "end": { "line": 109, "column": null } }
			},
			"16": {
				"name": "(anonymous_16)",
				"decl": { "start": { "line": 111, "column": 10 }, "end": { "line": 111, "column": 49 } },
				"loc": { "start": { "line": 111, "column": 78 }, "end": { "line": 120, "column": null } }
			},
			"17": {
				"name": "(anonymous_17)",
				"decl": { "start": { "line": 122, "column": 10 }, "end": { "line": 122, "column": 30 } },
				"loc": { "start": { "line": 122, "column": 30 }, "end": { "line": 127, "column": null } }
			},
			"18": {
				"name": "(anonymous_18)",
				"decl": { "start": { "line": 125, "column": 13 }, "end": { "line": 125, "column": 14 } },
				"loc": { "start": { "line": 125, "column": 20 }, "end": { "line": 125, "column": 51 } }
			},
			"19": {
				"name": "(anonymous_19)",
				"decl": { "start": { "line": 129, "column": 10 }, "end": { "line": 129, "column": 30 } },
				"loc": { "start": { "line": 129, "column": 30 }, "end": { "line": 134, "column": null } }
			},
			"20": {
				"name": "(anonymous_20)",
				"decl": { "start": { "line": 132, "column": 13 }, "end": { "line": 132, "column": 14 } },
				"loc": { "start": { "line": 132, "column": 20 }, "end": { "line": 132, "column": 50 } }
			},
			"21": {
				"name": "(anonymous_21)",
				"decl": { "start": { "line": 150, "column": 8 }, "end": { "line": 150, "column": 22 } },
				"loc": { "start": { "line": 150, "column": 22 }, "end": { "line": 152, "column": null } }
			}
		},
		"branchMap": {
			"0": {
				"loc": { "start": { "line": 50, "column": 4 }, "end": { "line": 51, "column": null } },
				"type": "if",
				"locations": [
					{ "start": { "line": 50, "column": 4 }, "end": { "line": 51, "column": null } },
					{ "start": { "line": 50, "column": 4 }, "end": { "line": 51, "column": null } }
				]
			},
			"1": {
				"loc": { "start": { "line": 50, "column": 8 }, "end": { "line": 50, "column": null } },
				"type": "binary-expr",
				"locations": [
					{ "start": { "line": 50, "column": 8 }, "end": { "line": 50, "column": 23 } },
					{ "start": { "line": 50, "column": 23 }, "end": { "line": 50, "column": 43 } },
					{ "start": { "line": 50, "column": 43 }, "end": { "line": 50, "column": 77 } },
					{ "start": { "line": 50, "column": 77 }, "end": { "line": 50, "column": null } }
				]
			},
			"2": {
				"loc": { "start": { "line": 52, "column": 40 }, "end": { "line": 52, "column": 67 } },
				"type": "binary-expr",
				"locations": [
					{ "start": { "line": 52, "column": 40 }, "end": { "line": 52, "column": 63 } },
					{ "start": { "line": 52, "column": 63 }, "end": { "line": 52, "column": 67 } }
				]
			},
			"3": {
				"loc": { "start": { "line": 53, "column": 12 }, "end": { "line": 53, "column": 43 } },
				"type": "binary-expr",
				"locations": [
					{ "start": { "line": 53, "column": 12 }, "end": { "line": 53, "column": 39 } },
					{ "start": { "line": 53, "column": 39 }, "end": { "line": 53, "column": 43 } }
				]
			},
			"4": {
				"loc": { "start": { "line": 56, "column": 5 }, "end": { "line": 60, "column": null } },
				"type": "if",
				"locations": [
					{ "start": { "line": 56, "column": 5 }, "end": { "line": 60, "column": null } },
					{ "start": { "line": 56, "column": 5 }, "end": { "line": 60, "column": null } }
				]
			},
			"5": {
				"loc": { "start": { "line": 57, "column": 27 }, "end": { "line": 57, "column": 58 } },
				"type": "binary-expr",
				"locations": [
					{ "start": { "line": 57, "column": 27 }, "end": { "line": 57, "column": 54 } },
					{ "start": { "line": 57, "column": 54 }, "end": { "line": 57, "column": 58 } }
				]
			},
			"6": {
				"loc": { "start": { "line": 58, "column": 6 }, "end": { "line": 59, "column": null } },
				"type": "if",
				"locations": [
					{ "start": { "line": 58, "column": 6 }, "end": { "line": 59, "column": null } },
					{ "start": { "line": 59, "column": 11 }, "end": { "line": 59, "column": null } }
				]
			},
			"7": {
				"loc": { "start": { "line": 68, "column": 4 }, "end": { "line": 69, "column": null } },
				"type": "if",
				"locations": [
					{ "start": { "line": 68, "column": 4 }, "end": { "line": 69, "column": null } },
					{ "start": { "line": 68, "column": 4 }, "end": { "line": 69, "column": null } }
				]
			},
			"8": {
				"loc": { "start": { "line": 68, "column": 8 }, "end": { "line": 68, "column": null } },
				"type": "binary-expr",
				"locations": [
					{ "start": { "line": 68, "column": 8 }, "end": { "line": 68, "column": 25 } },
					{ "start": { "line": 68, "column": 25 }, "end": { "line": 68, "column": 47 } },
					{ "start": { "line": 68, "column": 47 }, "end": { "line": 68, "column": 81 } },
					{ "start": { "line": 68, "column": 81 }, "end": { "line": 68, "column": null } }
				]
			},
			"9": {
				"loc": { "start": { "line": 70, "column": 41 }, "end": { "line": 70, "column": 69 } },
				"type": "binary-expr",
				"locations": [
					{ "start": { "line": 70, "column": 41 }, "end": { "line": 70, "column": 65 } },
					{ "start": { "line": 70, "column": 65 }, "end": { "line": 70, "column": 69 } }
				]
			},
			"10": {
				"loc": { "start": { "line": 71, "column": 18 }, "end": { "line": 71, "column": 55 } },
				"type": "binary-expr",
				"locations": [
					{ "start": { "line": 71, "column": 18 }, "end": { "line": 71, "column": 50 } },
					{ "start": { "line": 71, "column": 50 }, "end": { "line": 71, "column": 55 } }
				]
			},
			"11": {
				"loc": { "start": { "line": 74, "column": 5 }, "end": { "line": 78, "column": null } },
				"type": "if",
				"locations": [
					{ "start": { "line": 74, "column": 5 }, "end": { "line": 78, "column": null } },
					{ "start": { "line": 74, "column": 5 }, "end": { "line": 78, "column": null } }
				]
			},
			"12": {
				"loc": { "start": { "line": 75, "column": 27 }, "end": { "line": 75, "column": 61 } },
				"type": "binary-expr",
				"locations": [
					{ "start": { "line": 75, "column": 27 }, "end": { "line": 75, "column": 57 } },
					{ "start": { "line": 75, "column": 57 }, "end": { "line": 75, "column": 61 } }
				]
			},
			"13": {
				"loc": { "start": { "line": 76, "column": 6 }, "end": { "line": 77, "column": null } },
				"type": "if",
				"locations": [
					{ "start": { "line": 76, "column": 6 }, "end": { "line": 77, "column": null } },
					{ "start": { "line": 77, "column": 11 }, "end": { "line": 77, "column": null } }
				]
			},
			"14": {
				"loc": { "start": { "line": 85, "column": 4 }, "end": { "line": 85, "column": null } },
				"type": "if",
				"locations": [
					{ "start": { "line": 85, "column": 4 }, "end": { "line": 85, "column": null } },
					{ "start": { "line": 85, "column": 4 }, "end": { "line": 85, "column": null } }
				]
			},
			"15": {
				"loc": { "start": { "line": 86, "column": 12 }, "end": { "line": 86, "column": null } },
				"type": "binary-expr",
				"locations": [
					{ "start": { "line": 86, "column": 12 }, "end": { "line": 86, "column": 51 } },
					{ "start": { "line": 86, "column": 51 }, "end": { "line": 86, "column": null } }
				]
			},
			"16": {
				"loc": { "start": { "line": 94, "column": 4 }, "end": { "line": 94, "column": null } },
				"type": "if",
				"locations": [
					{ "start": { "line": 94, "column": 4 }, "end": { "line": 94, "column": null } },
					{ "start": { "line": 94, "column": 4 }, "end": { "line": 94, "column": null } }
				]
			},
			"17": {
				"loc": { "start": { "line": 95, "column": 12 }, "end": { "line": 95, "column": null } },
				"type": "binary-expr",
				"locations": [
					{ "start": { "line": 95, "column": 12 }, "end": { "line": 95, "column": 53 } },
					{ "start": { "line": 95, "column": 53 }, "end": { "line": 95, "column": null } }
				]
			},
			"18": {
				"loc": { "start": { "line": 100, "column": 50 }, "end": { "line": 100, "column": 73 } },
				"type": "default-arg",
				"locations": [{ "start": { "line": 100, "column": 67 }, "end": { "line": 100, "column": 73 } }]
			},
			"19": {
				"loc": { "start": { "line": 101, "column": 4 }, "end": { "line": 107, "column": null } },
				"type": "switch",
				"locations": [
					{ "start": { "line": 102, "column": 5 }, "end": { "line": 104, "column": null } },
					{ "start": { "line": 105, "column": 5 }, "end": { "line": 106, "column": null } }
				]
			},
			"20": {
				"loc": { "start": { "line": 106, "column": 6 }, "end": { "line": 106, "column": null } },
				"type": "if",
				"locations": [
					{ "start": { "line": 106, "column": 6 }, "end": { "line": 106, "column": null } },
					{ "start": { "line": 106, "column": 6 }, "end": { "line": 106, "column": null } }
				]
			},
			"21": {
				"loc": { "start": { "line": 106, "column": 10 }, "end": { "line": 106, "column": 68 } },
				"type": "binary-expr",
				"locations": [
					{ "start": { "line": 106, "column": 10 }, "end": { "line": 106, "column": 38 } },
					{ "start": { "line": 106, "column": 38 }, "end": { "line": 106, "column": 68 } }
				]
			},
			"22": {
				"loc": { "start": { "line": 111, "column": 49 }, "end": { "line": 111, "column": 78 } },
				"type": "default-arg",
				"locations": [{ "start": { "line": 111, "column": 66 }, "end": { "line": 111, "column": 78 } }]
			},
			"23": {
				"loc": { "start": { "line": 112, "column": 4 }, "end": { "line": 118, "column": null } },
				"type": "switch",
				"locations": [
					{ "start": { "line": 113, "column": 5 }, "end": { "line": 115, "column": null } },
					{ "start": { "line": 116, "column": 5 }, "end": { "line": 117, "column": null } }
				]
			},
			"24": {
				"loc": { "start": { "line": 117, "column": 6 }, "end": { "line": 117, "column": null } },
				"type": "if",
				"locations": [
					{ "start": { "line": 117, "column": 6 }, "end": { "line": 117, "column": null } },
					{ "start": { "line": 117, "column": 6 }, "end": { "line": 117, "column": null } }
				]
			},
			"25": {
				"loc": { "start": { "line": 117, "column": 10 }, "end": { "line": 117, "column": 67 } },
				"type": "binary-expr",
				"locations": [
					{ "start": { "line": 117, "column": 10 }, "end": { "line": 117, "column": 38 } },
					{ "start": { "line": 117, "column": 38 }, "end": { "line": 117, "column": 67 } }
				]
			}
		},
		"s": {
			"0": 4,
			"1": 4,
			"2": 116,
			"3": 116,
			"4": 116,
			"5": 171,
			"6": 6,
			"7": 165,
			"8": 165,
			"9": 1,
			"10": 1,
			"11": 1,
			"12": 1,
			"13": 1,
			"14": 0,
			"15": 145,
			"16": 6,
			"17": 139,
			"18": 139,
			"19": 1,
			"20": 1,
			"21": 1,
			"22": 1,
			"23": 1,
			"24": 0,
			"25": 18,
			"26": 3,
			"27": 15,
			"28": 16,
			"29": 16,
			"30": 18,
			"31": 3,
			"32": 15,
			"33": 17,
			"34": 17,
			"35": 6,
			"36": 1,
			"37": 1,
			"38": 5,
			"39": 1,
			"40": 6,
			"41": 4,
			"42": 1,
			"43": 1,
			"44": 3,
			"45": 1,
			"46": 4,
			"47": 30,
			"48": 276,
			"49": 31,
			"50": 313,
			"51": 0
		},
		"f": {
			"0": 4,
			"1": 4,
			"2": 116,
			"3": 171,
			"4": 1,
			"5": 1,
			"6": 145,
			"7": 1,
			"8": 1,
			"9": 18,
			"10": 16,
			"11": 16,
			"12": 18,
			"13": 17,
			"14": 17,
			"15": 6,
			"16": 4,
			"17": 30,
			"18": 276,
			"19": 31,
			"20": 313,
			"21": 0
		},
		"b": {
			"0": [6, 165],
			"1": [171, 170, 169, 168],
			"2": [165, 0],
			"3": [165, 155],
			"4": [1, 0],
			"5": [1, 0],
			"6": [1, 0],
			"7": [6, 139],
			"8": [145, 145, 145, 144],
			"9": [139, 0],
			"10": [139, 129],
			"11": [1, 0],
			"12": [1, 0],
			"13": [1, 0],
			"14": [3, 15],
			"15": [15, 0],
			"16": [3, 15],
			"17": [15, 0],
			"18": [1],
			"19": [1, 5],
			"20": [1, 4],
			"21": [5, 1],
			"22": [1],
			"23": [1, 3],
			"24": [1, 2],
			"25": [3, 1]
		}
	},
	"C:/Users/deev/WebstormProjects/yantrix222/packages/automata/src/EventBus.ts": {
		"path": "C:/Users/deev/WebstormProjects/yantrix222/packages/automata/src/EventBus.ts",
		"statementMap": {
			"0": { "start": { "line": 10, "column": 1 }, "end": { "line": 98, "column": null } },
			"1": { "start": { "line": 11, "column": 2 }, "end": { "line": 98, "column": null } },
			"2": { "start": { "line": 21, "column": 4 }, "end": { "line": 21, "column": null } },
			"3": { "start": { "line": 22, "column": 4 }, "end": { "line": 22, "column": null } },
			"4": { "start": { "line": 23, "column": 4 }, "end": { "line": 23, "column": null } },
			"5": { "start": { "line": 24, "column": 4 }, "end": { "line": 24, "column": null } },
			"6": { "start": { "line": 25, "column": 4 }, "end": { "line": 25, "column": null } },
			"7": { "start": { "line": 29, "column": 25 }, "end": { "line": 29, "column": null } },
			"8": { "start": { "line": 30, "column": 4 }, "end": { "line": 33, "column": null } },
			"9": { "start": { "line": 31, "column": 5 }, "end": { "line": 31, "column": null } },
			"10": { "start": { "line": 32, "column": 5 }, "end": { "line": 32, "column": null } },
			"11": { "start": { "line": 34, "column": 4 }, "end": { "line": 34, "column": null } },
			"12": { "start": { "line": 35, "column": 4 }, "end": { "line": 35, "column": null } },
			"13": { "start": { "line": 39, "column": 27 }, "end": { "line": 39, "column": null } },
			"14": { "start": { "line": 40, "column": 4 }, "end": { "line": 42, "column": null } },
			"15": { "start": { "line": 41, "column": 5 }, "end": { "line": 41, "column": null } },
			"16": { "start": { "line": 43, "column": 4 }, "end": { "line": 43, "column": null } },
			"17": { "start": { "line": 47, "column": 4 }, "end": { "line": 47, "column": null } },
			"18": { "start": { "line": 48, "column": 4 }, "end": { "line": 48, "column": null } },
			"19": { "start": { "line": 49, "column": 4 }, "end": { "line": 49, "column": null } },
			"20": { "start": { "line": 53, "column": 4 }, "end": { "line": 53, "column": null } },
			"21": { "start": { "line": 57, "column": 4 }, "end": { "line": 57, "column": null } },
			"22": { "start": { "line": 58, "column": 4 }, "end": { "line": 58, "column": null } },
			"23": { "start": { "line": 62, "column": 4 }, "end": { "line": 62, "column": null } },
			"24": { "start": { "line": 63, "column": 4 }, "end": { "line": 63, "column": null } },
			"25": { "start": { "line": 67, "column": 4 }, "end": { "line": 67, "column": null } },
			"26": { "start": { "line": 68, "column": 4 }, "end": { "line": 68, "column": null } },
			"27": { "start": { "line": 69, "column": 4 }, "end": { "line": 69, "column": null } },
			"28": { "start": { "line": 73, "column": 4 }, "end": { "line": 73, "column": null } },
			"29": { "start": { "line": 77, "column": 4 }, "end": { "line": 79, "column": null } },
			"30": { "start": { "line": 78, "column": 5 }, "end": { "line": 78, "column": null } },
			"31": { "start": { "line": 81, "column": 4 }, "end": { "line": 81, "column": null } },
			"32": { "start": { "line": 82, "column": 4 }, "end": { "line": 93, "column": null } },
			"33": { "start": { "line": 83, "column": 25 }, "end": { "line": 83, "column": null } },
			"34": { "start": { "line": 84, "column": 5 }, "end": { "line": 84, "column": null } },
			"35": { "start": { "line": 84, "column": 23 }, "end": { "line": 84, "column": null } },
			"36": { "start": { "line": 85, "column": 5 }, "end": { "line": 92, "column": null } },
			"37": { "start": { "line": 86, "column": 29 }, "end": { "line": 86, "column": null } },
			"38": { "start": { "line": 87, "column": 6 }, "end": { "line": 91, "column": null } },
			"39": { "start": { "line": 88, "column": 7 }, "end": { "line": 90, "column": null } },
			"40": { "start": { "line": 89, "column": 8 }, "end": { "line": 89, "column": null } },
			"41": { "start": { "line": 94, "column": 4 }, "end": { "line": 94, "column": null } },
			"42": { "start": { "line": 96, "column": 4 }, "end": { "line": 96, "column": null } },
			"43": { "start": { "line": 106, "column": 2 }, "end": { "line": 106, "column": null } }
		},
		"fnMap": {
			"0": {
				"name": "createEventBus",
				"decl": { "start": { "line": 6, "column": 16 }, "end": { "line": 6, "column": null } },
				"loc": { "start": { "line": 9, "column": 4 }, "end": { "line": 99, "column": null } }
			},
			"1": {
				"name": "(anonymous_1)",
				"decl": { "start": { "line": 10, "column": 8 }, "end": { "line": 10, "column": 45 } },
				"loc": { "start": { "line": 11, "column": 2 }, "end": { "line": 98, "column": null } }
			},
			"2": {
				"name": "(anonymous_2)",
				"decl": { "start": { "line": 20, "column": 3 }, "end": { "line": 20, "column": 17 } },
				"loc": { "start": { "line": 20, "column": 17 }, "end": { "line": 26, "column": null } }
			},
			"3": {
				"name": "(anonymous_3)",
				"decl": { "start": { "line": 28, "column": 10 }, "end": { "line": 28, "column": 20 } },
				"loc": { "start": { "line": 28, "column": 98 }, "end": { "line": 36, "column": null } }
			},
			"4": {
				"name": "(anonymous_4)",
				"decl": { "start": { "line": 38, "column": 10 }, "end": { "line": 38, "column": 22 } },
				"loc": { "start": { "line": 38, "column": 107 }, "end": { "line": 44, "column": null } }
			},
			"5": {
				"name": "(anonymous_5)",
				"decl": { "start": { "line": 46, "column": 10 }, "end": { "line": 46, "column": 22 } },
				"loc": { "start": { "line": 46, "column": 83 }, "end": { "line": 50, "column": null } }
			},
			"6": {
				"name": "(anonymous_6)",
				"decl": { "start": { "line": 52, "column": 10 }, "end": { "line": 52, "column": 73 } },
				"loc": { "start": { "line": 52, "column": 73 }, "end": { "line": 54, "column": null } }
			},
			"7": {
				"name": "(anonymous_7)",
				"decl": { "start": { "line": 56, "column": 10 }, "end": { "line": 56, "column": 34 } },
				"loc": { "start": { "line": 56, "column": 34 }, "end": { "line": 59, "column": null } }
			},
			"8": {
				"name": "(anonymous_8)",
				"decl": { "start": { "line": 61, "column": 10 }, "end": { "line": 61, "column": 24 } },
				"loc": { "start": { "line": 61, "column": 24 }, "end": { "line": 64, "column": null } }
			},
			"9": {
				"name": "(anonymous_9)",
				"decl": { "start": { "line": 66, "column": 10 }, "end": { "line": 66, "column": 25 } },
				"loc": { "start": { "line": 66, "column": 25 }, "end": { "line": 70, "column": null } }
			},
			"10": {
				"name": "(anonymous_10)",
				"decl": { "start": { "line": 72, "column": 10 }, "end": { "line": 72, "column": 31 } },
				"loc": { "start": { "line": 72, "column": 31 }, "end": { "line": 74, "column": null } }
			},
			"11": {
				"name": "(anonymous_11)",
				"decl": { "start": { "line": 76, "column": 10 }, "end": { "line": 76, "column": 73 } },
				"loc": { "start": { "line": 76, "column": 73 }, "end": { "line": 97, "column": null } }
			},
			"12": {
				"name": "(anonymous_12)",
				"decl": { "start": { "line": 88, "column": 30 }, "end": { "line": 88, "column": 31 } },
				"loc": { "start": { "line": 88, "column": 44 }, "end": { "line": 90, "column": 8 } }
			},
			"13": {
				"name": "(anonymous_13)",
				"decl": { "start": { "line": 105, "column": 1 }, "end": { "line": 105, "column": 15 } },
				"loc": { "start": { "line": 105, "column": 15 }, "end": { "line": 107, "column": null } }
			}
		},
		"branchMap": {
			"0": {
				"loc": { "start": { "line": 30, "column": 4 }, "end": { "line": 33, "column": null } },
				"type": "if",
				"locations": [
					{ "start": { "line": 30, "column": 4 }, "end": { "line": 33, "column": null } },
					{ "start": { "line": 30, "column": 4 }, "end": { "line": 33, "column": null } }
				]
			},
			"1": {
				"loc": { "start": { "line": 40, "column": 4 }, "end": { "line": 42, "column": null } },
				"type": "if",
				"locations": [
					{ "start": { "line": 40, "column": 4 }, "end": { "line": 42, "column": null } },
					{ "start": { "line": 40, "column": 4 }, "end": { "line": 42, "column": null } }
				]
			},
			"2": {
				"loc": { "start": { "line": 40, "column": 8 }, "end": { "line": 40, "column": 36 } },
				"type": "binary-expr",
				"locations": [
					{ "start": { "line": 40, "column": 8 }, "end": { "line": 40, "column": 26 } },
					{ "start": { "line": 40, "column": 26 }, "end": { "line": 40, "column": 36 } }
				]
			},
			"3": {
				"loc": { "start": { "line": 77, "column": 4 }, "end": { "line": 79, "column": null } },
				"type": "if",
				"locations": [
					{ "start": { "line": 77, "column": 4 }, "end": { "line": 79, "column": null } },
					{ "start": { "line": 77, "column": 4 }, "end": { "line": 79, "column": null } }
				]
			},
			"4": {
				"loc": { "start": { "line": 77, "column": 8 }, "end": { "line": 77, "column": 46 } },
				"type": "binary-expr",
				"locations": [
					{ "start": { "line": 77, "column": 8 }, "end": { "line": 77, "column": 30 } },
					{ "start": { "line": 77, "column": 30 }, "end": { "line": 77, "column": 46 } }
				]
			},
			"5": {
				"loc": { "start": { "line": 84, "column": 5 }, "end": { "line": 84, "column": null } },
				"type": "if",
				"locations": [
					{ "start": { "line": 84, "column": 5 }, "end": { "line": 84, "column": null } },
					{ "start": { "line": 84, "column": 5 }, "end": { "line": 84, "column": null } }
				]
			},
			"6": {
				"loc": { "start": { "line": 85, "column": 5 }, "end": { "line": 92, "column": null } },
				"type": "if",
				"locations": [
					{ "start": { "line": 85, "column": 5 }, "end": { "line": 92, "column": null } },
					{ "start": { "line": 85, "column": 5 }, "end": { "line": 92, "column": null } }
				]
			},
			"7": {
				"loc": { "start": { "line": 87, "column": 6 }, "end": { "line": 91, "column": null } },
				"type": "if",
				"locations": [
					{ "start": { "line": 87, "column": 6 }, "end": { "line": 91, "column": null } },
					{ "start": { "line": 87, "column": 6 }, "end": { "line": 91, "column": null } }
				]
			}
		},
		"s": {
			"0": 2,
			"1": 2,
			"2": 0,
			"3": 0,
			"4": 0,
			"5": 0,
			"6": 0,
			"7": 0,
			"8": 0,
			"9": 0,
			"10": 0,
			"11": 0,
			"12": 0,
			"13": 0,
			"14": 0,
			"15": 0,
			"16": 0,
			"17": 0,
			"18": 0,
			"19": 0,
			"20": 0,
			"21": 0,
			"22": 0,
			"23": 0,
			"24": 0,
			"25": 0,
			"26": 0,
			"27": 0,
			"28": 0,
			"29": 0,
			"30": 0,
			"31": 0,
			"32": 0,
			"33": 0,
			"34": 0,
			"35": 0,
			"36": 0,
			"37": 0,
			"38": 0,
			"39": 0,
			"40": 0,
			"41": 0,
			"42": 0,
			"43": 0
		},
		"f": {
			"0": 2,
			"1": 2,
			"2": 0,
			"3": 0,
			"4": 0,
			"5": 0,
			"6": 0,
			"7": 0,
			"8": 0,
			"9": 0,
			"10": 0,
			"11": 0,
			"12": 0,
			"13": 0
		},
		"b": { "0": [0, 0], "1": [0, 0], "2": [0, 0], "3": [0, 0], "4": [0, 0], "5": [0, 0], "6": [0, 0], "7": [0, 0] }
	},
	"C:/Users/deev/WebstormProjects/yantrix222/packages/automata/src/StateDictionary.ts": {
		"path": "C:/Users/deev/WebstormProjects/yantrix222/packages/automata/src/StateDictionary.ts",
		"statementMap": {
			"0": { "start": { "line": 26, "column": 1 }, "end": { "line": 162, "column": null } },
			"1": { "start": { "line": 27, "column": 2 }, "end": { "line": 162, "column": null } },
			"2": { "start": { "line": 38, "column": 7 }, "end": { "line": 38, "column": null } },
			"3": { "start": { "line": 40, "column": 51 }, "end": { "line": 40, "column": null } },
			"4": { "start": { "line": 46, "column": 4 }, "end": { "line": 52, "column": null } },
			"5": { "start": { "line": 47, "column": 5 }, "end": { "line": 47, "column": null } },
			"6": { "start": { "line": 47, "column": 37 }, "end": { "line": 47, "column": null } },
			"7": { "start": { "line": 48, "column": 18 }, "end": { "line": 48, "column": null } },
			"8": { "start": { "line": 49, "column": 5 }, "end": { "line": 49, "column": null } },
			"9": { "start": { "line": 49, "column": 16 }, "end": { "line": 49, "column": null } },
			"10": { "start": { "line": 50, "column": 5 }, "end": { "line": 50, "column": null } },
			"11": { "start": { "line": 50, "column": 61 }, "end": { "line": 50, "column": null } },
			"12": { "start": { "line": 51, "column": 5 }, "end": { "line": 51, "column": null } },
			"13": { "start": { "line": 56, "column": 4 }, "end": { "line": 56, "column": null } },
			"14": { "start": { "line": 63, "column": 27 }, "end": { "line": 66, "column": null } },
			"15": { "start": { "line": 65, "column": 31 }, "end": { "line": 65, "column": 76 } },
			"16": { "start": { "line": 66, "column": 20 }, "end": { "line": 66, "column": 29 } },
			"17": { "start": { "line": 67, "column": 22 }, "end": { "line": 69, "column": null } },
			"18": { "start": { "line": 67, "column": 52 }, "end": { "line": 67, "column": 77 } },
			"19": { "start": { "line": 68, "column": 15 }, "end": { "line": 68, "column": null } },
			"20": { "start": { "line": 70, "column": 4 }, "end": { "line": 73, "column": null } },
			"21": { "start": { "line": 71, "column": 5 }, "end": { "line": 73, "column": null } },
			"22": { "start": { "line": 72, "column": 6 }, "end": { "line": 72, "column": null } },
			"23": { "start": { "line": 74, "column": 4 }, "end": { "line": 78, "column": null } },
			"24": { "start": { "line": 75, "column": 5 }, "end": { "line": 77, "column": null } },
			"25": { "start": { "line": 75, "column": 39 }, "end": { "line": 75, "column": 83 } },
			"26": { "start": { "line": 76, "column": 6 }, "end": { "line": 76, "column": null } },
			"27": { "start": { "line": 79, "column": 4 }, "end": { "line": 79, "column": null } },
			"28": { "start": { "line": 86, "column": 4 }, "end": { "line": 86, "column": null } },
			"29": { "start": { "line": 86, "column": 42 }, "end": { "line": 86, "column": 87 } },
			"30": { "start": { "line": 90, "column": 4 }, "end": { "line": 90, "column": null } },
			"31": { "start": { "line": 90, "column": 35 }, "end": { "line": 90, "column": 75 } },
			"32": { "start": { "line": 98, "column": 15 }, "end": { "line": 98, "column": null } },
			"33": { "start": { "line": 99, "column": 4 }, "end": { "line": 99, "column": null } },
			"34": { "start": { "line": 100, "column": 4 }, "end": { "line": 102, "column": null } },
			"35": { "start": { "line": 103, "column": 4 }, "end": { "line": 103, "column": null } },
			"36": { "start": { "line": 107, "column": 4 }, "end": { "line": 115, "column": null } },
			"37": { "start": { "line": 108, "column": 19 }, "end": { "line": 108, "column": null } },
			"38": { "start": { "line": 109, "column": 5 }, "end": { "line": 113, "column": null } },
			"39": { "start": { "line": 110, "column": 6 }, "end": { "line": 112, "column": null } },
			"40": { "start": { "line": 111, "column": 73 }, "end": { "line": 111, "column": 83 } },
			"41": { "start": { "line": 114, "column": 5 }, "end": { "line": 114, "column": null } },
			"42": { "start": { "line": 116, "column": 4 }, "end": { "line": 116, "column": null } },
			"43": { "start": { "line": 124, "column": 4 }, "end": { "line": 130, "column": null } },
			"44": { "start": { "line": 125, "column": 18 }, "end": { "line": 125, "column": null } },
			"45": { "start": { "line": 126, "column": 5 }, "end": { "line": 126, "column": null } },
			"46": { "start": { "line": 126, "column": 16 }, "end": { "line": 126, "column": null } },
			"47": { "start": { "line": 127, "column": 5 }, "end": { "line": 128, "column": null } },
			"48": { "start": { "line": 128, "column": 6 }, "end": { "line": 128, "column": null } },
			"49": { "start": { "line": 129, "column": 5 }, "end": { "line": 129, "column": null } },
			"50": { "start": { "line": 131, "column": 4 }, "end": { "line": 131, "column": null } },
			"51": { "start": { "line": 135, "column": 4 }, "end": { "line": 145, "column": null } },
			"52": { "start": { "line": 136, "column": 22 }, "end": { "line": 143, "column": null } },
			"53": { "start": { "line": 140, "column": 17 }, "end": { "line": 140, "column": null } },
			"54": { "start": { "line": 152, "column": 22 }, "end": { "line": 152, "column": null } },
			"55": { "start": { "line": 153, "column": 4 }, "end": { "line": 153, "column": null } },
			"56": { "start": { "line": 153, "column": 38 }, "end": { "line": 153, "column": null } },
			"57": { "start": { "line": 154, "column": 25 }, "end": { "line": 154, "column": null } },
			"58": { "start": { "line": 155, "column": 4 }, "end": { "line": 155, "column": null } },
			"59": { "start": { "line": 155, "column": 23 }, "end": { "line": 155, "column": null } },
			"60": { "start": { "line": 156, "column": 4 }, "end": { "line": 156, "column": null } },
			"61": { "start": { "line": 160, "column": 4 }, "end": { "line": 160, "column": null } },
			"62": { "start": { "line": 170, "column": 2 }, "end": { "line": 170, "column": null } }
		},
		"fnMap": {
			"0": {
				"name": "createStateDictionary",
				"decl": { "start": { "line": 22, "column": 16 }, "end": { "line": 22, "column": null } },
[...]
			"1": { "start": { "line": 12, "column": 25 }, "end": { "line": 14, "column": null } },
			"2": { "start": { "line": 13, "column": 1 }, "end": { "line": 13, "column": null } },
			"3": { "start": { "line": 15, "column": 39 }, "end": { "line": 21, "column": null } },
			"4": { "start": { "line": 16, "column": 15 }, "end": { "line": 16, "column": null } },
			"5": { "start": { "line": 17, "column": 1 }, "end": { "line": 19, "column": null } },
			"6": { "start": { "line": 18, "column": 2 }, "end": { "line": 18, "column": null } },
			"7": { "start": { "line": 20, "column": 1 }, "end": { "line": 20, "column": null } },
			"8": { "start": { "line": 22, "column": 35 }, "end": { "line": 24, "column": null } },
			"9": { "start": { "line": 23, "column": 1 }, "end": { "line": 23, "column": null } },
			"10": { "start": { "line": 26, "column": 38 }, "end": { "line": 32, "column": null } },
			"11": { "start": { "line": 27, "column": 1 }, "end": { "line": 30, "column": null } },
			"12": { "start": { "line": 28, "column": 17 }, "end": { "line": 28, "column": null } },
			"13": { "start": { "line": 29, "column": 2 }, "end": { "line": 29, "column": null } },
			"14": { "start": { "line": 31, "column": 1 }, "end": { "line": 31, "column": null } }
		},
		"fnMap": {
			"0": {
				"name": "isExpressionType",
				"decl": { "start": { "line": 6, "column": 16 }, "end": { "line": 6, "column": null } },
				"loc": { "start": { "line": 8, "column": 45 }, "end": { "line": 10, "column": null } }
			},
			"1": {
				"name": "(anonymous_1)",
				"decl": { "start": { "line": 12, "column": 25 }, "end": { "line": 12, "column": 35 } },
				"loc": { "start": { "line": 12, "column": 66 }, "end": { "line": 14, "column": null } }
			},
			"2": {
				"name": "(anonymous_2)",
				"decl": { "start": { "line": 15, "column": 39 }, "end": { "line": 15, "column": 49 } },
				"loc": { "start": { "line": 15, "column": 95 }, "end": { "line": 21, "column": null } }
			},
			"3": {
				"name": "(anonymous_3)",
				"decl": { "start": { "line": 22, "column": 35 }, "end": { "line": 22, "column": 36 } },
				"loc": { "start": { "line": 22, "column": 86 }, "end": { "line": 24, "column": null } }
			},
			"4": {
				"name": "(anonymous_4)",
				"decl": { "start": { "line": 26, "column": 38 }, "end": { "line": 26, "column": 39 } },
				"loc": { "start": { "line": 26, "column": 119 }, "end": { "line": 32, "column": null } }
			}
		},
		"branchMap": {
			"0": {
				"loc": { "start": { "line": 13, "column": 8 }, "end": { "line": 13, "column": null } },
				"type": "binary-expr",
				"locations": [
					{ "start": { "line": 13, "column": 8 }, "end": { "line": 13, "column": 52 } },
					{ "start": { "line": 13, "column": 52 }, "end": { "line": 13, "column": null } }
				]
			},
			"1": {
				"loc": { "start": { "line": 17, "column": 1 }, "end": { "line": 19, "column": null } },
				"type": "if",
				"locations": [
					{ "start": { "line": 17, "column": 1 }, "end": { "line": 19, "column": null } },
					{ "start": { "line": 17, "column": 1 }, "end": { "line": 19, "column": null } }
				]
			},
			"2": {
				"loc": { "start": { "line": 27, "column": 1 }, "end": { "line": 30, "column": null } },
				"type": "if",
				"locations": [
					{ "start": { "line": 27, "column": 1 }, "end": { "line": 30, "column": null } },
					{ "start": { "line": 27, "column": 1 }, "end": { "line": 30, "column": null } }
				]
			}
		},
		"s": {
			"0": 0,
			"1": 0,
			"2": 0,
			"3": 0,
			"4": 0,
			"5": 0,
			"6": 0,
			"7": 0,
			"8": 0,
			"9": 0,
			"10": 0,
			"11": 0,
			"12": 0,
			"13": 0,
			"14": 0
		},
		"f": { "0": 0, "1": 0, "2": 0, "3": 0, "4": 0 },
		"b": { "0": [0, 0], "1": [0, 0], "2": [0, 0] }
	},
	"C:/Users/deev/WebstormProjects/yantrix222/packages/yantrix-parser/src/utils/utils.ts": {
		"path": "C:/Users/deev/WebstormProjects/yantrix222/packages/yantrix-parser/src/utils/utils.ts",
		"statementMap": {
			"0": { "start": { "line": 4, "column": 22 }, "end": { "line": 4, "column": null } },
			"1": { "start": { "line": 6, "column": 34 }, "end": { "line": 39, "column": null } },
			"2": { "start": { "line": 10, "column": 3 }, "end": { "line": 10, "column": null } },
			"3": { "start": { "line": 14, "column": 15 }, "end": { "line": 14, "column": null } },
			"4": { "start": { "line": 15, "column": 29 }, "end": { "line": 15, "column": null } },
			"5": { "start": { "line": 18, "column": 15 }, "end": { "line": 18, "column": null } },
			"6": { "start": { "line": 19, "column": 29 }, "end": { "line": 19, "column": null } },
			"7": { "start": { "line": 23, "column": 32 }, "end": { "line": 23, "column": null } },
			"8": { "start": { "line": 26, "column": 15 }, "end": { "line": 26, "column": null } },
			"9": { "start": { "line": 28, "column": 3 }, "end": { "line": 28, "column": null } },
			"10": { "start": { "line": 32, "column": 15 }, "end": { "line": 32, "column": null } },
			"11": { "start": { "line": 33, "column": 16 }, "end": { "line": 33, "column": null } },
			"12": { "start": { "line": 36, "column": 15 }, "end": { "line": 36, "column": null } },
			"13": { "start": { "line": 37, "column": 25 }, "end": { "line": 37, "column": null } },
			"14": { "start": { "line": 41, "column": 21 }, "end": { "line": 41, "column": null } },
			"15": { "start": { "line": 41, "column": 38 }, "end": { "line": 41, "column": null } },
			"16": { "start": { "line": 43, "column": 32 }, "end": { "line": 45, "column": null } },
			"17": { "start": { "line": 44, "column": 1 }, "end": { "line": 44, "column": null } },
			"18": { "start": { "line": 47, "column": 37 }, "end": { "line": 51, "column": null } },
			"19": { "start": { "line": 48, "column": 21 }, "end": { "line": 48, "column": null } },
			"20": { "start": { "line": 49, "column": 16 }, "end": { "line": 49, "column": null } },
			"21": { "start": { "line": 50, "column": 1 }, "end": { "line": 50, "column": null } },
			"22": { "start": { "line": 50, "column": 41 }, "end": { "line": 50, "column": 61 } },
			"23": { "start": { "line": 52, "column": 39 }, "end": { "line": 67, "column": null } },
			"24": { "start": { "line": 53, "column": 22 }, "end": { "line": 53, "column": null } },
			"25": { "start": { "line": 55, "column": 1 }, "end": { "line": 66, "column": null } },
			"26": { "start": { "line": 56, "column": 2 }, "end": { "line": 65, "column": null } },
			"27": { "start": { "line": 59, "column": 4 }, "end": { "line": 63, "column": null } },
			"28": { "start": { "line": 68, "column": 38 }, "end": { "line": 79, "column": null } },
			"29": { "start": { "line": 69, "column": 18 }, "end": { "line": 69, "column": null } },
			"30": { "start": { "line": 71, "column": 1 }, "end": { "line": 78, "column": null } },
			"31": { "start": { "line": 72, "column": 2 }, "end": { "line": 76, "column": null } },
			"32": { "start": { "line": 73, "column": 3 }, "end": { "line": 73, "column": null } },
			"33": { "start": { "line": 74, "column": 2 }, "end": { "line": 76, "column": null } },
			"34": { "start": { "line": 75, "column": 3 }, "end": { "line": 75, "column": null } },
			"35": { "start": { "line": 77, "column": 2 }, "end": { "line": 77, "column": null } },
			"36": { "start": { "line": 81, "column": 40 }, "end": { "line": 121, "column": null } },
			"37": { "start": { "line": 82, "column": 18 }, "end": { "line": 82, "column": null } },
			"38": { "start": { "line": 83, "column": 21 }, "end": { "line": 83, "column": null } },
			"39": { "start": { "line": 85, "column": 26 }, "end": { "line": 85, "column": null } },
			"40": { "start": { "line": 85, "column": 32 }, "end": { "line": 85, "column": null } },
			"41": { "start": { "line": 87, "column": 21 }, "end": { "line": 108, "column": null } },
			"42": { "start": { "line": 88, "column": 22 }, "end": { "line": 88, "column": null } },
			"43": { "start": { "line": 89, "column": 19 }, "end": { "line": 89, "column": null } },
			"44": { "start": { "line": 91, "column": 2 }, "end": { "line": 102, "column": null } },
			"45": { "start": { "line": 92, "column": 15 }, "end": { "line": 92, "column": null } },
			"46": { "start": { "line": 93, "column": 3 }, "end": { "line": 96, "column": null } },
			"47": { "start": { "line": 97, "column": 2 }, "end": { "line": 102, "column": null } },
			"48": { "start": { "line": 98, "column": 3 }, "end": { "line": 101, "column": null } },
			"49": { "start": { "line": 104, "column": 2 }, "end": { "line": 107, "column": null } },
			"50": { "start": { "line": 110, "column": 1 }, "end": { "line": 120, "column": null } },
			"51": { "start": { "line": 111, "column": 2 }, "end": { "line": 117, "column": null } },
			"52": { "start": { "line": 114, "column": 17 }, "end": { "line": 114, "column": null } },
			"53": { "start": { "line": 119, "column": 2 }, "end": { "line": 119, "column": null } }
		},
		"fnMap": {
			"0": {
				"name": "(anonymous_0)",
				"decl": { "start": { "line": 9, "column": 10 }, "end": { "line": 9, "column": 11 } },
				"loc": { "start": { "line": 9, "column": 27 }, "end": { "line": 11, "column": null } }
			},
			"1": {
				"name": "(anonymous_1)",
				"decl": { "start": { "line": 14, "column": 9 }, "end": { "line": 14, "column": 15 } },
				"loc": { "start": { "line": 14, "column": 15 }, "end": { "line": 14, "column": null } }
			},
			"2": {
				"name": "(anonymous_2)",
				"decl": { "start": { "line": 15, "column": 10 }, "end": { "line": 15, "column": 11 } },
				"loc": { "start": { "line": 15, "column": 29 }, "end": { "line": 15, "column": null } }
			},
			"3": {
				"name": "(anonymous_3)",
				"decl": { "start": { "line": 18, "column": 9 }, "end": { "line": 18, "column": 15 } },
				"loc": { "start": { "line": 18, "column": 15 }, "end": { "line": 18, "column": null } }
			},
			"4": {
				"name": "(anonymous_4)",
				"decl": { "start": { "line": 19, "column": 10 }, "end": { "line": 19, "column": 11 } },
				"loc": { "start": { "line": 19, "column": 29 }, "end": { "line": 19, "column": null } }
			},
			"5": {
				"name": "(anonymous_5)",
				"decl": { "start": { "line": 23, "column": 10 }, "end": { "line": 23, "column": 11 } },
				"loc": { "start": { "line": 23, "column": 32 }, "end": { "line": 23, "column": null } }
			},
			"6": {
				"name": "(anonymous_6)",
				"decl": { "start": { "line": 26, "column": 9 }, "end": { "line": 26, "column": 15 } },
				"loc": { "start": { "line": 26, "column": 15 }, "end": { "line": 26, "column": null } }
			},
			"7": {
				"name": "(anonymous_7)",
				"decl": { "start": { "line": 27, "column": 10 }, "end": { "line": 27, "column": 11 } },
				"loc": { "start": { "line": 27, "column": 28 }, "end": { "line": 29, "column": null } }
			},
			"8": {
				"name": "(anonymous_8)",
				"decl": { "start": { "line": 32, "column": 9 }, "end": { "line": 32, "column": 15 } },
				"loc": { "start": { "line": 32, "column": 15 }, "end": { "line": 32, "column": null } }
			},
			"9": {
				"name": "(anonymous_9)",
				"decl": { "start": { "line": 33, "column": 10 }, "end": { "line": 33, "column": 16 } },
				"loc": { "start": { "line": 33, "column": 16 }, "end": { "line": 33, "column": null } }
			},
			"10": {
				"name": "(anonymous_10)",
				"decl": { "start": { "line": 36, "column": 9 }, "end": { "line": 36, "column": 15 } },
				"loc": { "start": { "line": 36, "column": 15 }, "end": { "line": 36, "column": null } }
			},
			"11": {
				"name": "(anonymous_11)",
				"decl": { "start": { "line": 37, "column": 10 }, "end": { "line": 37, "column": 11 } },
				"loc": { "start": { "line": 37, "column": 25 }, "end": { "line": 37, "column": null } }
			},
			"12": {
				"name": "(anonymous_12)",
				"decl": { "start": { "line": 41, "column": 21 }, "end": { "line": 41, "column": 22 } },
				"loc": { "start": { "line": 41, "column": 38 }, "end": { "line": 41, "column": null } }
			},
			"13": {
				"name": "(anonymous_13)",
				"decl": { "start": { "line": 43, "column": 32 }, "end": { "line": 43, "column": 33 } },
				"loc": { "start": { "line": 43, "column": 49 }, "end": { "line": 45, "column": null } }
			},
			"14": {
				"name": "(anonymous_14)",
				"decl": { "start": { "line": 47, "column": 37 }, "end": { "line": 47, "column": 43 } },
				"loc": { "start": { "line": 47, "column": 43 }, "end": { "line": 51, "column": null } }
			},
			"15": {
				"name": "(anonymous_15)",
				"decl": { "start": { "line": 50, "column": 31 }, "end": { "line": 50, "column": 32 } },
				"loc": { "start": { "line": 50, "column": 41 }, "end": { "line": 50, "column": 61 } }
			},
			"16": {
				"name": "(anonymous_16)",
				"decl": { "start": { "line": 52, "column": 39 }, "end": { "line": 52, "column": 45 } },
				"loc": { "start": { "line": 52, "column": 45 }, "end": { "line": 67, "column": null } }
			},
			"17": {
				"name": "(anonymous_17)",
				"decl": { "start": { "line": 55, "column": 25 }, "end": { "line": 55, "column": 26 } },
				"loc": { "start": { "line": 55, "column": 36 }, "end": { "line": 66, "column": 2 } }
			},
			"18": {
				"name": "(anonymous_18)",
				"decl": { "start": { "line": 58, "column": 11 }, "end": { "line": 58, "column": 17 } },
				"loc": { "start": { "line": 58, "column": 17 }, "end": { "line": 64, "column": null } }
			},
			"19": {
				"name": "(anonymous_19)",
				"decl": { "start": { "line": 68, "column": 38 }, "end": { "line": 68, "column": 39 } },
				"loc": { "start": { "line": 68, "column": 59 }, "end": { "line": 79, "column": null } }
			},
			"20": {
				"name": "(anonymous_20)",
				"decl": { "start": { "line": 71, "column": 21 }, "end": { "line": 71, "column": 22 } },
				"loc": { "start": { "line": 71, "column": 30 }, "end": { "line": 78, "column": 2 } }
			},
			"21": {
				"name": "(anonymous_21)",
				"decl": { "start": { "line": 81, "column": 40 }, "end": { "line": 81, "column": 41 } },
				"loc": { "start": { "line": 81, "column": 84 }, "end": { "line": 121, "column": null } }
			},
			"22": {
				"name": "(anonymous_22)",
				"decl": { "start": { "line": 85, "column": 26 }, "end": { "line": 85, "column": 32 } },
				"loc": { "start": { "line": 85, "column": 32 }, "end": { "line": 85, "column": null } }
			},
			"23": {
				"name": "(anonymous_23)",
				"decl": { "start": { "line": 87, "column": 34 }, "end": { "line": 87, "column": 35 } },
				"loc": { "start": { "line": 87, "column": 42 }, "end": { "line": 108, "column": 2 } }
			},
			"24": {
				"name": "(anonymous_24)",
				"decl": { "start": { "line": 114, "column": 11 }, "end": { "line": 114, "column": 17 } },
				"loc": { "start": { "line": 114, "column": 17 }, "end": { "line": 114, "column": null } }
			},
			"25": {
				"name": "(anonymous_25)",
				"decl": { "start": { "line": 115, "column": 12 }, "end": { "line": 115, "column": 18 } },
				"loc": { "start": { "line": 115, "column": 18 }, "end": { "line": 115, "column": null } }
			}
		},
		"branchMap": {
			"0": {
				"loc": { "start": { "line": 72, "column": 2 }, "end": { "line": 76, "column": null } },
				"type": "if",
				"locations": [
					{ "start": { "line": 72, "column": 2 }, "end": { "line": 76, "column": null } },
					{ "start": { "line": 74, "column": 2 }, "end": { "line": 76, "column": null } }
				]
			},
			"1": {
				"loc": { "start": { "line": 74, "column": 2 }, "end": { "line": 76, "column": null } },
				"type": "if",
				"locations": [
					{ "start": { "line": 74, "column": 2 }, "end": { "line": 76, "column": null } },
					{ "start": { "line": 74, "column": 2 }, "end": { "line": 76, "column": null } }
				]
			},
			"2": {
				"loc": { "start": { "line": 81, "column": 41 }, "end": { "line": 81, "column": 84 } },
				"type": "default-arg",
				"locations": [{ "start": { "line": 81, "column": 69 }, "end": { "line": 81, "column": 84 } }]
			},
			"3": {
				"loc": { "start": { "line": 91, "column": 2 }, "end": { "line": 102, "column": null } },
				"type": "if",
				"locations": [
					{ "start": { "line": 91, "column": 2 }, "end": { "line": 102, "column": null } },
					{ "start": { "line": 97, "column": 2 }, "end": { "line": 102, "column": null } }
				]
			},
			"4": {
				"loc": { "start": { "line": 97, "column": 2 }, "end": { "line": 102, "column": null } },
				"type": "if",
				"locations": [
					{ "start": { "line": 97, "column": 2 }, "end": { "line": 102, "column": null } },
					{ "start": { "line": 97, "column": 2 }, "end": { "line": 102, "column": null } }
				]
			},
			"5": {
				"loc": { "start": { "line": 110, "column": 1 }, "end": { "line": 120, "column": null } },
				"type": "if",
				"locations": [
					{ "start": { "line": 110, "column": 1 }, "end": { "line": 120, "column": null } },
					{ "start": { "line": 118, "column": 8 }, "end": { "line": 120, "column": null } }
				]
			}
		},
		"s": {
			"0": 1,
			"1": 1,
			"2": 2805,
			"3": 2552,
			"4": 2552,
			"5": 2592,
			"6": 2592,
			"7": 2672,
			"8": 2621,
			"9": 2621,
			"10": 2837,
			"11": 2837,
			"12": 2856,
			"13": 2856,
			"14": 1,
			"15": 0,
			"16": 1,
			"17": 3073,
			"18": 1,
			"19": 745,
			"20": 745,
			"21": 745,
			"22": 19192,
			"23": 1,
			"24": 10,
			"25": 10,
			"26": 257,
			"27": 257,
			"28": 1,
			"29": 700,
			"30": 700,
			"31": 18013,
			"32": 2671,
			"33": 15342,
			"34": 2715,
			"35": 12627,
			"36": 1,
			"37": 35,
			"38": 35,
			"39": 35,
			"40": 922,
			"41": 35,
			"42": 922,
			"43": 922,
			"44": 922,
			"45": 134,
			"46": 134,
			"47": 788,
			"48": 141,
			"49": 647,
			"50": 35,
			"51": 1,
			"52": 0,
			"53": 34
		},
		"f": {
			"0": 2805,
			"1": 2552,
			"2": 2552,
			"3": 2592,
			"4": 2592,
			"5": 2672,
			"6": 2621,
			"7": 2621,
			"8": 2837,
			"9": 2837,
			"10": 2856,
			"11": 2856,
			"12": 0,
			"13": 3073,
			"14": 745,
			"15": 19192,
			"16": 10,
			"17": 257,
			"18": 257,
			"19": 700,
			"20": 18013,
			"21": 35,
			"22": 922,
			"23": 922,
			"24": 0,
			"25": 0
		},
		"b": { "0": [2671, 15342], "1": [2715, 12627], "2": [34], "3": [134, 788], "4": [141, 647], "5": [1, 34] }
	},
	"C:/Users/deev/WebstormProjects/yantrix222/tools/diagramParser.ts": {
		"path": "C:/Users/deev/WebstormProjects/yantrix222/tools/diagramParser.ts",
		"statementMap": {
			"0": { "start": { "line": 3, "column": 15 }, "end": { "line": 3, "column": null } },
			"1": { "start": { "line": 22, "column": 15 }, "end": { "line": 22, "column": null } },
			"2": { "start": { "line": 79, "column": 15 }, "end": { "line": 79, "column": null } },
			"3": { "start": { "line": 99, "column": 15 }, "end": { "line": 99, "column": null } },
			"4": { "start": { "line": 151, "column": 20 }, "end": { "line": 151, "column": null } },
			"5": { "start": { "line": 187, "column": 1 }, "end": { "line": 187, "column": null } },
			"6": { "start": { "line": 194, "column": 20 }, "end": { "line": 194, "column": null } },
			"7": { "start": { "line": 212, "column": 20 }, "end": { "line": 212, "column": null } },
			"8": { "start": { "line": 218, "column": 20 }, "end": { "line": 218, "column": null } },
			"9": { "start": { "line": 248, "column": 20 }, "end": { "line": 248, "column": null } },
			"10": { "start": { "line": 262, "column": 20 }, "end": { "line": 262, "column": null } },
			"11": { "start": { "line": 296, "column": 20 }, "end": { "line": 296, "column": null } },
			"12": { "start": { "line": 327, "column": 20 }, "end": { "line": 327, "column": null } },
			"13": { "start": { "line": 340, "column": 20 }, "end": { "line": 340, "column": null } },
			"14": { "start": { "line": 367, "column": 20 }, "end": { "line": 367, "column": null } },
			"15": { "start": { "line": 379, "column": 20 }, "end": { "line": 379, "column": null } },
			"16": { "start": { "line": 424, "column": 31 }, "end": { "line": 424, "column": null } }
		},
		"fnMap": {},
		"branchMap": {},
		"s": {
			"0": 0,
			"1": 0,
			"2": 0,
			"3": 0,
			"4": 0,
			"5": 0,
			"6": 0,
			"7": 0,
			"8": 0,
			"9": 0,
			"10": 0,
			"11": 0,
			"12": 0,
			"13": 0,
			"14": 0,
			"15": 0,
			"16": 0
		},
		"f": {},
		"b": {}
	}
}
